ARM GAS  C:\Users\DVR\AppData\Local\Temp\cc7GOYSB.s 			page 1


   1              		.cpu cortex-m3
   2              		.arch armv7-m
   3              		.fpu softvfp
   4              		.eabi_attribute 20, 1
   5              		.eabi_attribute 21, 1
   6              		.eabi_attribute 23, 3
   7              		.eabi_attribute 24, 1
   8              		.eabi_attribute 25, 1
   9              		.eabi_attribute 26, 1
  10              		.eabi_attribute 30, 1
  11              		.eabi_attribute 34, 1
  12              		.eabi_attribute 18, 4
  13              		.file	"main.c"
  14              		.text
  15              	.Ltext0:
  16              		.cfi_sections	.debug_frame
  17              		.section	.text.MX_GPIO_Init,"ax",%progbits
  18              		.align	1
  19              		.syntax unified
  20              		.thumb
  21              		.thumb_func
  23              	MX_GPIO_Init:
  24              	.LFB75:
  25              		.file 1 "Core/Src/main.c"
   1:Core/Src/main.c **** /* USER CODE BEGIN Header */
   2:Core/Src/main.c **** /**
   3:Core/Src/main.c ****   ******************************************************************************
   4:Core/Src/main.c ****   * @file           : main.c
   5:Core/Src/main.c ****   * @brief          : Main program body
   6:Core/Src/main.c ****   ******************************************************************************
   7:Core/Src/main.c ****   * @attention
   8:Core/Src/main.c ****   *
   9:Core/Src/main.c ****   * <h2><center>&copy; Copyright (c) 2022 STMicroelectronics.
  10:Core/Src/main.c ****   * All rights reserved.</center></h2>
  11:Core/Src/main.c ****   *
  12:Core/Src/main.c ****   * This software component is licensed by ST under Ultimate Liberty license
  13:Core/Src/main.c ****   * SLA0044, the "License"; You may not use this file except in compliance with
  14:Core/Src/main.c ****   * the License. You may obtain a copy of the License at:
  15:Core/Src/main.c ****   *                             www.st.com/SLA0044
  16:Core/Src/main.c ****   *
  17:Core/Src/main.c ****   ******************************************************************************
  18:Core/Src/main.c ****   */
  19:Core/Src/main.c **** /* USER CODE END Header */
  20:Core/Src/main.c **** /* Includes ------------------------------------------------------------------*/
  21:Core/Src/main.c **** #include "main.h"
  22:Core/Src/main.c **** #include "cmsis_os.h"
  23:Core/Src/main.c **** 
  24:Core/Src/main.c **** /* Private includes ----------------------------------------------------------*/
  25:Core/Src/main.c **** /* USER CODE BEGIN Includes */
  26:Core/Src/main.c **** 
  27:Core/Src/main.c **** /* USER CODE END Includes */
  28:Core/Src/main.c **** 
  29:Core/Src/main.c **** /* Private typedef -----------------------------------------------------------*/
  30:Core/Src/main.c **** /* USER CODE BEGIN PTD */
  31:Core/Src/main.c **** 
  32:Core/Src/main.c **** /* USER CODE END PTD */
  33:Core/Src/main.c **** 
ARM GAS  C:\Users\DVR\AppData\Local\Temp\cc7GOYSB.s 			page 2


  34:Core/Src/main.c **** /* Private define ------------------------------------------------------------*/
  35:Core/Src/main.c **** /* USER CODE BEGIN PD */
  36:Core/Src/main.c **** /* USER CODE END PD */
  37:Core/Src/main.c **** 
  38:Core/Src/main.c **** /* Private macro -------------------------------------------------------------*/
  39:Core/Src/main.c **** /* USER CODE BEGIN PM */
  40:Core/Src/main.c **** 
  41:Core/Src/main.c **** /* USER CODE END PM */
  42:Core/Src/main.c **** 
  43:Core/Src/main.c **** /* Private variables ---------------------------------------------------------*/
  44:Core/Src/main.c **** ADC_HandleTypeDef hadc1;
  45:Core/Src/main.c **** 
  46:Core/Src/main.c **** I2C_HandleTypeDef hi2c1;
  47:Core/Src/main.c **** 
  48:Core/Src/main.c **** UART_HandleTypeDef huart2;
  49:Core/Src/main.c **** 
  50:Core/Src/main.c **** osThreadId defaultTaskHandle;
  51:Core/Src/main.c **** /* USER CODE BEGIN PV */
  52:Core/Src/main.c **** 
  53:Core/Src/main.c **** /* USER CODE END PV */
  54:Core/Src/main.c **** 
  55:Core/Src/main.c **** /* Private function prototypes -----------------------------------------------*/
  56:Core/Src/main.c **** void SystemClock_Config(void);
  57:Core/Src/main.c **** static void MX_GPIO_Init(void);
  58:Core/Src/main.c **** static void MX_ADC1_Init(void);
  59:Core/Src/main.c **** static void MX_I2C1_Init(void);
  60:Core/Src/main.c **** static void MX_USART2_UART_Init(void);
  61:Core/Src/main.c **** void StartDefaultTask(void const * argument);
  62:Core/Src/main.c **** 
  63:Core/Src/main.c **** /* USER CODE BEGIN PFP */
  64:Core/Src/main.c **** 
  65:Core/Src/main.c **** /* USER CODE END PFP */
  66:Core/Src/main.c **** 
  67:Core/Src/main.c **** /* Private user code ---------------------------------------------------------*/
  68:Core/Src/main.c **** /* USER CODE BEGIN 0 */
  69:Core/Src/main.c **** 
  70:Core/Src/main.c **** /* USER CODE END 0 */
  71:Core/Src/main.c **** 
  72:Core/Src/main.c **** /**
  73:Core/Src/main.c ****   * @brief  The application entry point.
  74:Core/Src/main.c ****   * @retval int
  75:Core/Src/main.c ****   */
  76:Core/Src/main.c **** int main(void)
  77:Core/Src/main.c **** {
  78:Core/Src/main.c ****   /* USER CODE BEGIN 1 */
  79:Core/Src/main.c **** 
  80:Core/Src/main.c ****   /* USER CODE END 1 */
  81:Core/Src/main.c **** 
  82:Core/Src/main.c ****   /* MCU Configuration--------------------------------------------------------*/
  83:Core/Src/main.c **** 
  84:Core/Src/main.c ****   /* Reset of all peripherals, Initializes the Flash interface and the Systick. */
  85:Core/Src/main.c ****   HAL_Init();
  86:Core/Src/main.c **** 
  87:Core/Src/main.c ****   /* USER CODE BEGIN Init */
  88:Core/Src/main.c **** 
  89:Core/Src/main.c ****   /* USER CODE END Init */
  90:Core/Src/main.c **** 
ARM GAS  C:\Users\DVR\AppData\Local\Temp\cc7GOYSB.s 			page 3


  91:Core/Src/main.c ****   /* Configure the system clock */
  92:Core/Src/main.c ****   SystemClock_Config();
  93:Core/Src/main.c **** 
  94:Core/Src/main.c ****   /* USER CODE BEGIN SysInit */
  95:Core/Src/main.c **** 
  96:Core/Src/main.c ****   /* USER CODE END SysInit */
  97:Core/Src/main.c **** 
  98:Core/Src/main.c ****   /* Initialize all configured peripherals */
  99:Core/Src/main.c ****   MX_GPIO_Init();
 100:Core/Src/main.c ****   MX_ADC1_Init();
 101:Core/Src/main.c ****   MX_I2C1_Init();
 102:Core/Src/main.c ****   MX_USART2_UART_Init();
 103:Core/Src/main.c ****   /* USER CODE BEGIN 2 */
 104:Core/Src/main.c **** 
 105:Core/Src/main.c ****   /* USER CODE END 2 */
 106:Core/Src/main.c **** 
 107:Core/Src/main.c ****   /* USER CODE BEGIN RTOS_MUTEX */
 108:Core/Src/main.c ****   /* add mutexes, ... */
 109:Core/Src/main.c ****   /* USER CODE END RTOS_MUTEX */
 110:Core/Src/main.c **** 
 111:Core/Src/main.c ****   /* USER CODE BEGIN RTOS_SEMAPHORES */
 112:Core/Src/main.c ****   /* add semaphores, ... */
 113:Core/Src/main.c ****   /* USER CODE END RTOS_SEMAPHORES */
 114:Core/Src/main.c **** 
 115:Core/Src/main.c ****   /* USER CODE BEGIN RTOS_TIMERS */
 116:Core/Src/main.c ****   /* start timers, add new ones, ... */
 117:Core/Src/main.c ****   /* USER CODE END RTOS_TIMERS */
 118:Core/Src/main.c **** 
 119:Core/Src/main.c ****   /* USER CODE BEGIN RTOS_QUEUES */
 120:Core/Src/main.c ****   /* add queues, ... */
 121:Core/Src/main.c ****   /* USER CODE END RTOS_QUEUES */
 122:Core/Src/main.c **** 
 123:Core/Src/main.c ****   /* Create the thread(s) */
 124:Core/Src/main.c ****   /* definition and creation of defaultTask */
 125:Core/Src/main.c ****   osThreadDef(defaultTask, StartDefaultTask, osPriorityNormal, 0, 128);
 126:Core/Src/main.c ****   defaultTaskHandle = osThreadCreate(osThread(defaultTask), NULL);
 127:Core/Src/main.c **** 
 128:Core/Src/main.c ****   /* USER CODE BEGIN RTOS_THREADS */
 129:Core/Src/main.c ****   /* add threads, ... */
 130:Core/Src/main.c ****   /* USER CODE END RTOS_THREADS */
 131:Core/Src/main.c **** 
 132:Core/Src/main.c ****   /* Start scheduler */
 133:Core/Src/main.c ****   osKernelStart();
 134:Core/Src/main.c **** 
 135:Core/Src/main.c ****   /* We should never get here as control is now taken by the scheduler */
 136:Core/Src/main.c ****   /* Infinite loop */
 137:Core/Src/main.c ****   /* USER CODE BEGIN WHILE */
 138:Core/Src/main.c ****   while (1)
 139:Core/Src/main.c ****   {
 140:Core/Src/main.c ****     //HAL_GPIO_TogglePin(GPIOA, GPIO_PIN_0);
 141:Core/Src/main.c ****     HAL_Delay(100);
 142:Core/Src/main.c ****     /* USER CODE END WHILE */
 143:Core/Src/main.c **** 
 144:Core/Src/main.c ****     /* USER CODE BEGIN 3 */
 145:Core/Src/main.c ****   }
 146:Core/Src/main.c ****   /* USER CODE END 3 */
 147:Core/Src/main.c **** }
ARM GAS  C:\Users\DVR\AppData\Local\Temp\cc7GOYSB.s 			page 4


 148:Core/Src/main.c **** 
 149:Core/Src/main.c **** /**
 150:Core/Src/main.c ****   * @brief System Clock Configuration
 151:Core/Src/main.c ****   * @retval None
 152:Core/Src/main.c ****   */
 153:Core/Src/main.c **** void SystemClock_Config(void)
 154:Core/Src/main.c **** {
 155:Core/Src/main.c ****   RCC_OscInitTypeDef RCC_OscInitStruct = {0};
 156:Core/Src/main.c ****   RCC_ClkInitTypeDef RCC_ClkInitStruct = {0};
 157:Core/Src/main.c ****   RCC_PeriphCLKInitTypeDef PeriphClkInit = {0};
 158:Core/Src/main.c **** 
 159:Core/Src/main.c ****   /** Initializes the RCC Oscillators according to the specified parameters
 160:Core/Src/main.c ****   * in the RCC_OscInitTypeDef structure.
 161:Core/Src/main.c ****   */
 162:Core/Src/main.c ****   RCC_OscInitStruct.OscillatorType = RCC_OSCILLATORTYPE_HSE;
 163:Core/Src/main.c ****   RCC_OscInitStruct.HSEState = RCC_HSE_BYPASS;
 164:Core/Src/main.c ****   RCC_OscInitStruct.HSEPredivValue = RCC_HSE_PREDIV_DIV1;
 165:Core/Src/main.c ****   RCC_OscInitStruct.HSIState = RCC_HSI_ON;
 166:Core/Src/main.c ****   RCC_OscInitStruct.PLL.PLLState = RCC_PLL_ON;
 167:Core/Src/main.c ****   RCC_OscInitStruct.PLL.PLLSource = RCC_PLLSOURCE_HSE;
 168:Core/Src/main.c ****   RCC_OscInitStruct.PLL.PLLMUL = RCC_PLL_MUL9;
 169:Core/Src/main.c ****   if (HAL_RCC_OscConfig(&RCC_OscInitStruct) != HAL_OK)
 170:Core/Src/main.c ****   {
 171:Core/Src/main.c ****     Error_Handler();
 172:Core/Src/main.c ****   }
 173:Core/Src/main.c ****   /** Initializes the CPU, AHB and APB buses clocks
 174:Core/Src/main.c ****   */
 175:Core/Src/main.c ****   RCC_ClkInitStruct.ClockType = RCC_CLOCKTYPE_HCLK|RCC_CLOCKTYPE_SYSCLK
 176:Core/Src/main.c ****                               |RCC_CLOCKTYPE_PCLK1|RCC_CLOCKTYPE_PCLK2;
 177:Core/Src/main.c ****   RCC_ClkInitStruct.SYSCLKSource = RCC_SYSCLKSOURCE_PLLCLK;
 178:Core/Src/main.c ****   RCC_ClkInitStruct.AHBCLKDivider = RCC_SYSCLK_DIV1;
 179:Core/Src/main.c ****   RCC_ClkInitStruct.APB1CLKDivider = RCC_HCLK_DIV2;
 180:Core/Src/main.c ****   RCC_ClkInitStruct.APB2CLKDivider = RCC_HCLK_DIV1;
 181:Core/Src/main.c **** 
 182:Core/Src/main.c ****   if (HAL_RCC_ClockConfig(&RCC_ClkInitStruct, FLASH_LATENCY_2) != HAL_OK)
 183:Core/Src/main.c ****   {
 184:Core/Src/main.c ****     Error_Handler();
 185:Core/Src/main.c ****   }
 186:Core/Src/main.c ****   PeriphClkInit.PeriphClockSelection = RCC_PERIPHCLK_ADC;
 187:Core/Src/main.c ****   PeriphClkInit.AdcClockSelection = RCC_ADCPCLK2_DIV6;
 188:Core/Src/main.c ****   if (HAL_RCCEx_PeriphCLKConfig(&PeriphClkInit) != HAL_OK)
 189:Core/Src/main.c ****   {
 190:Core/Src/main.c ****     Error_Handler();
 191:Core/Src/main.c ****   }
 192:Core/Src/main.c **** }
 193:Core/Src/main.c **** 
 194:Core/Src/main.c **** /**
 195:Core/Src/main.c ****   * @brief ADC1 Initialization Function
 196:Core/Src/main.c ****   * @param None
 197:Core/Src/main.c ****   * @retval None
 198:Core/Src/main.c ****   */
 199:Core/Src/main.c **** static void MX_ADC1_Init(void)
 200:Core/Src/main.c **** {
 201:Core/Src/main.c **** 
 202:Core/Src/main.c ****   /* USER CODE BEGIN ADC1_Init 0 */
 203:Core/Src/main.c **** 
 204:Core/Src/main.c ****   /* USER CODE END ADC1_Init 0 */
ARM GAS  C:\Users\DVR\AppData\Local\Temp\cc7GOYSB.s 			page 5


 205:Core/Src/main.c **** 
 206:Core/Src/main.c ****   ADC_ChannelConfTypeDef sConfig = {0};
 207:Core/Src/main.c **** 
 208:Core/Src/main.c ****   /* USER CODE BEGIN ADC1_Init 1 */
 209:Core/Src/main.c **** 
 210:Core/Src/main.c ****   /* USER CODE END ADC1_Init 1 */
 211:Core/Src/main.c ****   /** Common config
 212:Core/Src/main.c ****   */
 213:Core/Src/main.c ****   hadc1.Instance = ADC1;
 214:Core/Src/main.c ****   hadc1.Init.ScanConvMode = ADC_SCAN_DISABLE;
 215:Core/Src/main.c ****   hadc1.Init.ContinuousConvMode = DISABLE;
 216:Core/Src/main.c ****   hadc1.Init.DiscontinuousConvMode = DISABLE;
 217:Core/Src/main.c ****   hadc1.Init.ExternalTrigConv = ADC_SOFTWARE_START;
 218:Core/Src/main.c ****   hadc1.Init.DataAlign = ADC_DATAALIGN_RIGHT;
 219:Core/Src/main.c ****   hadc1.Init.NbrOfConversion = 1;
 220:Core/Src/main.c ****   if (HAL_ADC_Init(&hadc1) != HAL_OK)
 221:Core/Src/main.c ****   {
 222:Core/Src/main.c ****     Error_Handler();
 223:Core/Src/main.c ****   }
 224:Core/Src/main.c ****   /** Configure Regular Channel
 225:Core/Src/main.c ****   */
 226:Core/Src/main.c ****   sConfig.Channel = ADC_CHANNEL_0;
 227:Core/Src/main.c ****   sConfig.Rank = ADC_REGULAR_RANK_1;
 228:Core/Src/main.c ****   sConfig.SamplingTime = ADC_SAMPLETIME_1CYCLE_5;
 229:Core/Src/main.c ****   if (HAL_ADC_ConfigChannel(&hadc1, &sConfig) != HAL_OK)
 230:Core/Src/main.c ****   {
 231:Core/Src/main.c ****     Error_Handler();
 232:Core/Src/main.c ****   }
 233:Core/Src/main.c ****   /* USER CODE BEGIN ADC1_Init 2 */
 234:Core/Src/main.c **** 
 235:Core/Src/main.c ****   /* USER CODE END ADC1_Init 2 */
 236:Core/Src/main.c **** 
 237:Core/Src/main.c **** }
 238:Core/Src/main.c **** 
 239:Core/Src/main.c **** /**
 240:Core/Src/main.c ****   * @brief I2C1 Initialization Function
 241:Core/Src/main.c ****   * @param None
 242:Core/Src/main.c ****   * @retval None
 243:Core/Src/main.c ****   */
 244:Core/Src/main.c **** static void MX_I2C1_Init(void)
 245:Core/Src/main.c **** {
 246:Core/Src/main.c **** 
 247:Core/Src/main.c ****   /* USER CODE BEGIN I2C1_Init 0 */
 248:Core/Src/main.c **** 
 249:Core/Src/main.c ****   /* USER CODE END I2C1_Init 0 */
 250:Core/Src/main.c **** 
 251:Core/Src/main.c ****   /* USER CODE BEGIN I2C1_Init 1 */
 252:Core/Src/main.c **** 
 253:Core/Src/main.c ****   /* USER CODE END I2C1_Init 1 */
 254:Core/Src/main.c ****   hi2c1.Instance = I2C1;
 255:Core/Src/main.c ****   hi2c1.Init.ClockSpeed = 100000;
 256:Core/Src/main.c ****   hi2c1.Init.DutyCycle = I2C_DUTYCYCLE_2;
 257:Core/Src/main.c ****   hi2c1.Init.OwnAddress1 = 0;
 258:Core/Src/main.c ****   hi2c1.Init.AddressingMode = I2C_ADDRESSINGMODE_7BIT;
 259:Core/Src/main.c ****   hi2c1.Init.DualAddressMode = I2C_DUALADDRESS_DISABLE;
 260:Core/Src/main.c ****   hi2c1.Init.OwnAddress2 = 0;
 261:Core/Src/main.c ****   hi2c1.Init.GeneralCallMode = I2C_GENERALCALL_DISABLE;
ARM GAS  C:\Users\DVR\AppData\Local\Temp\cc7GOYSB.s 			page 6


 262:Core/Src/main.c ****   hi2c1.Init.NoStretchMode = I2C_NOSTRETCH_DISABLE;
 263:Core/Src/main.c ****   if (HAL_I2C_Init(&hi2c1) != HAL_OK)
 264:Core/Src/main.c ****   {
 265:Core/Src/main.c ****     Error_Handler();
 266:Core/Src/main.c ****   }
 267:Core/Src/main.c ****   /* USER CODE BEGIN I2C1_Init 2 */
 268:Core/Src/main.c **** 
 269:Core/Src/main.c ****   /* USER CODE END I2C1_Init 2 */
 270:Core/Src/main.c **** 
 271:Core/Src/main.c **** }
 272:Core/Src/main.c **** 
 273:Core/Src/main.c **** /**
 274:Core/Src/main.c ****   * @brief USART2 Initialization Function
 275:Core/Src/main.c ****   * @param None
 276:Core/Src/main.c ****   * @retval None
 277:Core/Src/main.c ****   */
 278:Core/Src/main.c **** static void MX_USART2_UART_Init(void)
 279:Core/Src/main.c **** {
 280:Core/Src/main.c **** 
 281:Core/Src/main.c ****   /* USER CODE BEGIN USART2_Init 0 */
 282:Core/Src/main.c **** 
 283:Core/Src/main.c ****   /* USER CODE END USART2_Init 0 */
 284:Core/Src/main.c **** 
 285:Core/Src/main.c ****   /* USER CODE BEGIN USART2_Init 1 */
 286:Core/Src/main.c **** 
 287:Core/Src/main.c ****   /* USER CODE END USART2_Init 1 */
 288:Core/Src/main.c ****   huart2.Instance = USART2;
 289:Core/Src/main.c ****   huart2.Init.BaudRate = 115200;
 290:Core/Src/main.c ****   huart2.Init.WordLength = UART_WORDLENGTH_8B;
 291:Core/Src/main.c ****   huart2.Init.StopBits = UART_STOPBITS_1;
 292:Core/Src/main.c ****   huart2.Init.Parity = UART_PARITY_NONE;
 293:Core/Src/main.c ****   huart2.Init.Mode = UART_MODE_TX_RX;
 294:Core/Src/main.c ****   huart2.Init.HwFlowCtl = UART_HWCONTROL_NONE;
 295:Core/Src/main.c ****   huart2.Init.OverSampling = UART_OVERSAMPLING_16;
 296:Core/Src/main.c ****   if (HAL_UART_Init(&huart2) != HAL_OK)
 297:Core/Src/main.c ****   {
 298:Core/Src/main.c ****     Error_Handler();
 299:Core/Src/main.c ****   }
 300:Core/Src/main.c ****   /* USER CODE BEGIN USART2_Init 2 */
 301:Core/Src/main.c **** 
 302:Core/Src/main.c ****   /* USER CODE END USART2_Init 2 */
 303:Core/Src/main.c **** 
 304:Core/Src/main.c **** }
 305:Core/Src/main.c **** 
 306:Core/Src/main.c **** /**
 307:Core/Src/main.c ****   * @brief GPIO Initialization Function
 308:Core/Src/main.c ****   * @param None
 309:Core/Src/main.c ****   * @retval None
 310:Core/Src/main.c ****   */
 311:Core/Src/main.c **** static void MX_GPIO_Init(void)
 312:Core/Src/main.c **** {
  26              		.loc 1 312 1 view -0
  27              		.cfi_startproc
  28              		@ args = 0, pretend = 0, frame = 32
  29              		@ frame_needed = 0, uses_anonymous_args = 0
  30 0000 70B5     		push	{r4, r5, r6, lr}
  31              	.LCFI0:
ARM GAS  C:\Users\DVR\AppData\Local\Temp\cc7GOYSB.s 			page 7


  32              		.cfi_def_cfa_offset 16
  33              		.cfi_offset 4, -16
  34              		.cfi_offset 5, -12
  35              		.cfi_offset 6, -8
  36              		.cfi_offset 14, -4
  37 0002 88B0     		sub	sp, sp, #32
  38              	.LCFI1:
  39              		.cfi_def_cfa_offset 48
 313:Core/Src/main.c ****   GPIO_InitTypeDef GPIO_InitStruct = {0};
  40              		.loc 1 313 3 view .LVU1
  41              		.loc 1 313 20 is_stmt 0 view .LVU2
  42 0004 0024     		movs	r4, #0
  43 0006 0494     		str	r4, [sp, #16]
  44 0008 0594     		str	r4, [sp, #20]
  45 000a 0694     		str	r4, [sp, #24]
  46 000c 0794     		str	r4, [sp, #28]
 314:Core/Src/main.c **** 
 315:Core/Src/main.c ****   /* GPIO Ports Clock Enable */
 316:Core/Src/main.c ****   __HAL_RCC_GPIOC_CLK_ENABLE();
  47              		.loc 1 316 3 is_stmt 1 view .LVU3
  48              	.LBB4:
  49              		.loc 1 316 3 view .LVU4
  50              		.loc 1 316 3 view .LVU5
  51 000e 314B     		ldr	r3, .L3
  52 0010 9A69     		ldr	r2, [r3, #24]
  53 0012 42F01002 		orr	r2, r2, #16
  54 0016 9A61     		str	r2, [r3, #24]
  55              		.loc 1 316 3 view .LVU6
  56 0018 9A69     		ldr	r2, [r3, #24]
  57 001a 02F01002 		and	r2, r2, #16
  58 001e 0092     		str	r2, [sp]
  59              		.loc 1 316 3 view .LVU7
  60 0020 009A     		ldr	r2, [sp]
  61              	.LBE4:
  62              		.loc 1 316 3 view .LVU8
 317:Core/Src/main.c ****   __HAL_RCC_GPIOD_CLK_ENABLE();
  63              		.loc 1 317 3 view .LVU9
  64              	.LBB5:
  65              		.loc 1 317 3 view .LVU10
  66              		.loc 1 317 3 view .LVU11
  67 0022 9A69     		ldr	r2, [r3, #24]
  68 0024 42F02002 		orr	r2, r2, #32
  69 0028 9A61     		str	r2, [r3, #24]
  70              		.loc 1 317 3 view .LVU12
  71 002a 9A69     		ldr	r2, [r3, #24]
  72 002c 02F02002 		and	r2, r2, #32
  73 0030 0192     		str	r2, [sp, #4]
  74              		.loc 1 317 3 view .LVU13
  75 0032 019A     		ldr	r2, [sp, #4]
  76              	.LBE5:
  77              		.loc 1 317 3 view .LVU14
 318:Core/Src/main.c ****   __HAL_RCC_GPIOA_CLK_ENABLE();
  78              		.loc 1 318 3 view .LVU15
  79              	.LBB6:
  80              		.loc 1 318 3 view .LVU16
  81              		.loc 1 318 3 view .LVU17
  82 0034 9A69     		ldr	r2, [r3, #24]
ARM GAS  C:\Users\DVR\AppData\Local\Temp\cc7GOYSB.s 			page 8


  83 0036 42F00402 		orr	r2, r2, #4
  84 003a 9A61     		str	r2, [r3, #24]
  85              		.loc 1 318 3 view .LVU18
  86 003c 9A69     		ldr	r2, [r3, #24]
  87 003e 02F00402 		and	r2, r2, #4
  88 0042 0292     		str	r2, [sp, #8]
  89              		.loc 1 318 3 view .LVU19
  90 0044 029A     		ldr	r2, [sp, #8]
  91              	.LBE6:
  92              		.loc 1 318 3 view .LVU20
 319:Core/Src/main.c ****   __HAL_RCC_GPIOB_CLK_ENABLE();
  93              		.loc 1 319 3 view .LVU21
  94              	.LBB7:
  95              		.loc 1 319 3 view .LVU22
  96              		.loc 1 319 3 view .LVU23
  97 0046 9A69     		ldr	r2, [r3, #24]
  98 0048 42F00802 		orr	r2, r2, #8
  99 004c 9A61     		str	r2, [r3, #24]
 100              		.loc 1 319 3 view .LVU24
 101 004e 9B69     		ldr	r3, [r3, #24]
 102 0050 03F00803 		and	r3, r3, #8
 103 0054 0393     		str	r3, [sp, #12]
 104              		.loc 1 319 3 view .LVU25
 105 0056 039B     		ldr	r3, [sp, #12]
 106              	.LBE7:
 107              		.loc 1 319 3 view .LVU26
 320:Core/Src/main.c **** 
 321:Core/Src/main.c ****   /*Configure GPIO pin Output Level */
 322:Core/Src/main.c ****   HAL_GPIO_WritePin(LD2_GPIO_Port, LD2_Pin, GPIO_PIN_RESET);
 108              		.loc 1 322 3 view .LVU27
 109 0058 1F4D     		ldr	r5, .L3+4
 110 005a 2246     		mov	r2, r4
 111 005c 2021     		movs	r1, #32
 112 005e 2846     		mov	r0, r5
 113 0060 FFF7FEFF 		bl	HAL_GPIO_WritePin
 114              	.LVL0:
 323:Core/Src/main.c **** 
 324:Core/Src/main.c ****   /*Configure GPIO pin : B1_Pin */
 325:Core/Src/main.c ****   GPIO_InitStruct.Pin = B1_Pin;
 115              		.loc 1 325 3 view .LVU28
 116              		.loc 1 325 23 is_stmt 0 view .LVU29
 117 0064 4FF40053 		mov	r3, #8192
 118 0068 0493     		str	r3, [sp, #16]
 326:Core/Src/main.c ****   GPIO_InitStruct.Mode = GPIO_MODE_IT_RISING;
 119              		.loc 1 326 3 is_stmt 1 view .LVU30
 120              		.loc 1 326 24 is_stmt 0 view .LVU31
 121 006a 1C4B     		ldr	r3, .L3+8
 122 006c 0593     		str	r3, [sp, #20]
 327:Core/Src/main.c ****   GPIO_InitStruct.Pull = GPIO_NOPULL;
 123              		.loc 1 327 3 is_stmt 1 view .LVU32
 124              		.loc 1 327 24 is_stmt 0 view .LVU33
 125 006e 0694     		str	r4, [sp, #24]
 328:Core/Src/main.c ****   HAL_GPIO_Init(B1_GPIO_Port, &GPIO_InitStruct);
 126              		.loc 1 328 3 is_stmt 1 view .LVU34
 127 0070 1B4E     		ldr	r6, .L3+12
 128 0072 04A9     		add	r1, sp, #16
 129 0074 3046     		mov	r0, r6
ARM GAS  C:\Users\DVR\AppData\Local\Temp\cc7GOYSB.s 			page 9


 130 0076 FFF7FEFF 		bl	HAL_GPIO_Init
 131              	.LVL1:
 329:Core/Src/main.c **** 
 330:Core/Src/main.c ****   /*Configure GPIO pins : JOY_C_Pin JOY_BUT_Pin */
 331:Core/Src/main.c ****   GPIO_InitStruct.Pin = JOY_C_Pin|JOY_BUT_Pin;
 132              		.loc 1 331 3 view .LVU35
 133              		.loc 1 331 23 is_stmt 0 view .LVU36
 134 007a 0323     		movs	r3, #3
 135 007c 0493     		str	r3, [sp, #16]
 332:Core/Src/main.c ****   GPIO_InitStruct.Mode = GPIO_MODE_INPUT;
 136              		.loc 1 332 3 is_stmt 1 view .LVU37
 137              		.loc 1 332 24 is_stmt 0 view .LVU38
 138 007e 0594     		str	r4, [sp, #20]
 333:Core/Src/main.c ****   GPIO_InitStruct.Pull = GPIO_NOPULL;
 139              		.loc 1 333 3 is_stmt 1 view .LVU39
 140              		.loc 1 333 24 is_stmt 0 view .LVU40
 141 0080 0694     		str	r4, [sp, #24]
 334:Core/Src/main.c ****   HAL_GPIO_Init(GPIOC, &GPIO_InitStruct);
 142              		.loc 1 334 3 is_stmt 1 view .LVU41
 143 0082 04A9     		add	r1, sp, #16
 144 0084 3046     		mov	r0, r6
 145 0086 FFF7FEFF 		bl	HAL_GPIO_Init
 146              	.LVL2:
 335:Core/Src/main.c **** 
 336:Core/Src/main.c ****   /*Configure GPIO pins : JOY_B_Pin JOy_D_Pin */
 337:Core/Src/main.c ****   GPIO_InitStruct.Pin = JOY_B_Pin|JOy_D_Pin;
 147              		.loc 1 337 3 view .LVU42
 148              		.loc 1 337 23 is_stmt 0 view .LVU43
 149 008a 1223     		movs	r3, #18
 150 008c 0493     		str	r3, [sp, #16]
 338:Core/Src/main.c ****   GPIO_InitStruct.Mode = GPIO_MODE_INPUT;
 151              		.loc 1 338 3 is_stmt 1 view .LVU44
 152              		.loc 1 338 24 is_stmt 0 view .LVU45
 153 008e 0594     		str	r4, [sp, #20]
 339:Core/Src/main.c ****   GPIO_InitStruct.Pull = GPIO_NOPULL;
 154              		.loc 1 339 3 is_stmt 1 view .LVU46
 155              		.loc 1 339 24 is_stmt 0 view .LVU47
 156 0090 0694     		str	r4, [sp, #24]
 340:Core/Src/main.c ****   HAL_GPIO_Init(GPIOA, &GPIO_InitStruct);
 157              		.loc 1 340 3 is_stmt 1 view .LVU48
 158 0092 04A9     		add	r1, sp, #16
 159 0094 2846     		mov	r0, r5
 160 0096 FFF7FEFF 		bl	HAL_GPIO_Init
 161              	.LVL3:
 341:Core/Src/main.c **** 
 342:Core/Src/main.c ****   /*Configure GPIO pin : LD2_Pin */
 343:Core/Src/main.c ****   GPIO_InitStruct.Pin = LD2_Pin;
 162              		.loc 1 343 3 view .LVU49
 163              		.loc 1 343 23 is_stmt 0 view .LVU50
 164 009a 2023     		movs	r3, #32
 165 009c 0493     		str	r3, [sp, #16]
 344:Core/Src/main.c ****   GPIO_InitStruct.Mode = GPIO_MODE_OUTPUT_PP;
 166              		.loc 1 344 3 is_stmt 1 view .LVU51
 167              		.loc 1 344 24 is_stmt 0 view .LVU52
 168 009e 0126     		movs	r6, #1
 169 00a0 0596     		str	r6, [sp, #20]
 345:Core/Src/main.c ****   GPIO_InitStruct.Pull = GPIO_NOPULL;
ARM GAS  C:\Users\DVR\AppData\Local\Temp\cc7GOYSB.s 			page 10


 170              		.loc 1 345 3 is_stmt 1 view .LVU53
 171              		.loc 1 345 24 is_stmt 0 view .LVU54
 172 00a2 0694     		str	r4, [sp, #24]
 346:Core/Src/main.c ****   GPIO_InitStruct.Speed = GPIO_SPEED_FREQ_LOW;
 173              		.loc 1 346 3 is_stmt 1 view .LVU55
 174              		.loc 1 346 25 is_stmt 0 view .LVU56
 175 00a4 0223     		movs	r3, #2
 176 00a6 0793     		str	r3, [sp, #28]
 347:Core/Src/main.c ****   HAL_GPIO_Init(LD2_GPIO_Port, &GPIO_InitStruct);
 177              		.loc 1 347 3 is_stmt 1 view .LVU57
 178 00a8 04A9     		add	r1, sp, #16
 179 00aa 2846     		mov	r0, r5
 180 00ac FFF7FEFF 		bl	HAL_GPIO_Init
 181              	.LVL4:
 348:Core/Src/main.c **** 
 349:Core/Src/main.c ****   /*Configure GPIO pin : JOY_A_Pin */
 350:Core/Src/main.c ****   GPIO_InitStruct.Pin = JOY_A_Pin;
 182              		.loc 1 350 3 view .LVU58
 183              		.loc 1 350 23 is_stmt 0 view .LVU59
 184 00b0 0496     		str	r6, [sp, #16]
 351:Core/Src/main.c ****   GPIO_InitStruct.Mode = GPIO_MODE_INPUT;
 185              		.loc 1 351 3 is_stmt 1 view .LVU60
 186              		.loc 1 351 24 is_stmt 0 view .LVU61
 187 00b2 0594     		str	r4, [sp, #20]
 352:Core/Src/main.c ****   GPIO_InitStruct.Pull = GPIO_NOPULL;
 188              		.loc 1 352 3 is_stmt 1 view .LVU62
 189              		.loc 1 352 24 is_stmt 0 view .LVU63
 190 00b4 0694     		str	r4, [sp, #24]
 353:Core/Src/main.c ****   HAL_GPIO_Init(JOY_A_GPIO_Port, &GPIO_InitStruct);
 191              		.loc 1 353 3 is_stmt 1 view .LVU64
 192 00b6 04A9     		add	r1, sp, #16
 193 00b8 0A48     		ldr	r0, .L3+16
 194 00ba FFF7FEFF 		bl	HAL_GPIO_Init
 195              	.LVL5:
 354:Core/Src/main.c **** 
 355:Core/Src/main.c ****   /* EXTI interrupt init*/
 356:Core/Src/main.c ****   HAL_NVIC_SetPriority(EXTI15_10_IRQn, 5, 0);
 196              		.loc 1 356 3 view .LVU65
 197 00be 2246     		mov	r2, r4
 198 00c0 0521     		movs	r1, #5
 199 00c2 2820     		movs	r0, #40
 200 00c4 FFF7FEFF 		bl	HAL_NVIC_SetPriority
 201              	.LVL6:
 357:Core/Src/main.c ****   HAL_NVIC_EnableIRQ(EXTI15_10_IRQn);
 202              		.loc 1 357 3 view .LVU66
 203 00c8 2820     		movs	r0, #40
 204 00ca FFF7FEFF 		bl	HAL_NVIC_EnableIRQ
 205              	.LVL7:
 358:Core/Src/main.c **** 
 359:Core/Src/main.c **** }
 206              		.loc 1 359 1 is_stmt 0 view .LVU67
 207 00ce 08B0     		add	sp, sp, #32
 208              	.LCFI2:
 209              		.cfi_def_cfa_offset 16
 210              		@ sp needed
 211 00d0 70BD     		pop	{r4, r5, r6, pc}
 212              	.L4:
ARM GAS  C:\Users\DVR\AppData\Local\Temp\cc7GOYSB.s 			page 11


 213 00d2 00BF     		.align	2
 214              	.L3:
 215 00d4 00100240 		.word	1073876992
 216 00d8 00080140 		.word	1073809408
 217 00dc 00001110 		.word	269549568
 218 00e0 00100140 		.word	1073811456
 219 00e4 000C0140 		.word	1073810432
 220              		.cfi_endproc
 221              	.LFE75:
 223              		.section	.text.StartDefaultTask,"ax",%progbits
 224              		.align	1
 225              		.global	StartDefaultTask
 226              		.syntax unified
 227              		.thumb
 228              		.thumb_func
 230              	StartDefaultTask:
 231              	.LFB76:
 360:Core/Src/main.c **** 
 361:Core/Src/main.c **** /* USER CODE BEGIN 4 */
 362:Core/Src/main.c **** 
 363:Core/Src/main.c **** /* USER CODE END 4 */
 364:Core/Src/main.c **** 
 365:Core/Src/main.c **** /* USER CODE BEGIN Header_StartDefaultTask */
 366:Core/Src/main.c **** /**
 367:Core/Src/main.c ****   * @brief  Function implementing the defaultTask thread.
 368:Core/Src/main.c ****   * @param  argument: Not used
 369:Core/Src/main.c ****   * @retval None
 370:Core/Src/main.c ****   */
 371:Core/Src/main.c **** /* USER CODE END Header_StartDefaultTask */
 372:Core/Src/main.c **** void StartDefaultTask(void const * argument)
 373:Core/Src/main.c **** {
 232              		.loc 1 373 1 is_stmt 1 view -0
 233              		.cfi_startproc
 234              		@ Volatile: function does not return.
 235              		@ args = 0, pretend = 0, frame = 0
 236              		@ frame_needed = 0, uses_anonymous_args = 0
 237              	.LVL8:
 238              		.loc 1 373 1 is_stmt 0 view .LVU69
 239 0000 08B5     		push	{r3, lr}
 240              	.LCFI3:
 241              		.cfi_def_cfa_offset 8
 242              		.cfi_offset 3, -8
 243              		.cfi_offset 14, -4
 244              	.LVL9:
 245              	.L6:
 374:Core/Src/main.c ****   /* USER CODE BEGIN 5 */
 375:Core/Src/main.c ****   /* Infinite loop */
 376:Core/Src/main.c ****   for(;;)
 246              		.loc 1 376 3 is_stmt 1 discriminator 1 view .LVU70
 377:Core/Src/main.c ****   {
 378:Core/Src/main.c ****     osDelay(100);
 247              		.loc 1 378 5 discriminator 1 view .LVU71
 248 0002 6420     		movs	r0, #100
 249 0004 FFF7FEFF 		bl	osDelay
 250              	.LVL10:
 376:Core/Src/main.c ****   {
 251              		.loc 1 376 3 discriminator 1 view .LVU72
ARM GAS  C:\Users\DVR\AppData\Local\Temp\cc7GOYSB.s 			page 12


 252 0008 FBE7     		b	.L6
 253              		.cfi_endproc
 254              	.LFE76:
 256              		.section	.text.Error_Handler,"ax",%progbits
 257              		.align	1
 258              		.global	Error_Handler
 259              		.syntax unified
 260              		.thumb
 261              		.thumb_func
 263              	Error_Handler:
 264              	.LFB77:
 379:Core/Src/main.c ****   }
 380:Core/Src/main.c ****   /* USER CODE END 5 */
 381:Core/Src/main.c **** }
 382:Core/Src/main.c **** 
 383:Core/Src/main.c **** /**
 384:Core/Src/main.c ****   * @brief  This function is executed in case of error occurrence.
 385:Core/Src/main.c ****   * @retval None
 386:Core/Src/main.c ****   */
 387:Core/Src/main.c **** void Error_Handler(void)
 388:Core/Src/main.c **** {
 265              		.loc 1 388 1 view -0
 266              		.cfi_startproc
 267              		@ Volatile: function does not return.
 268              		@ args = 0, pretend = 0, frame = 0
 269              		@ frame_needed = 0, uses_anonymous_args = 0
 270              		@ link register save eliminated.
 389:Core/Src/main.c ****   /* USER CODE BEGIN Error_Handler_Debug */
 390:Core/Src/main.c ****   /* User can add his own implementation to report the HAL error return state */
 391:Core/Src/main.c ****   __disable_irq();
 271              		.loc 1 391 3 view .LVU74
 272              	.LBB8:
 273              	.LBI8:
 274              		.file 2 "Drivers/CMSIS/Include/cmsis_gcc.h"
   1:Drivers/CMSIS/Include/cmsis_gcc.h **** /**************************************************************************//**
   2:Drivers/CMSIS/Include/cmsis_gcc.h ****  * @file     cmsis_gcc.h
   3:Drivers/CMSIS/Include/cmsis_gcc.h ****  * @brief    CMSIS compiler GCC header file
   4:Drivers/CMSIS/Include/cmsis_gcc.h ****  * @version  V5.0.4
   5:Drivers/CMSIS/Include/cmsis_gcc.h ****  * @date     09. April 2018
   6:Drivers/CMSIS/Include/cmsis_gcc.h ****  ******************************************************************************/
   7:Drivers/CMSIS/Include/cmsis_gcc.h **** /*
   8:Drivers/CMSIS/Include/cmsis_gcc.h ****  * Copyright (c) 2009-2018 Arm Limited. All rights reserved.
   9:Drivers/CMSIS/Include/cmsis_gcc.h ****  *
  10:Drivers/CMSIS/Include/cmsis_gcc.h ****  * SPDX-License-Identifier: Apache-2.0
  11:Drivers/CMSIS/Include/cmsis_gcc.h ****  *
  12:Drivers/CMSIS/Include/cmsis_gcc.h ****  * Licensed under the Apache License, Version 2.0 (the License); you may
  13:Drivers/CMSIS/Include/cmsis_gcc.h ****  * not use this file except in compliance with the License.
  14:Drivers/CMSIS/Include/cmsis_gcc.h ****  * You may obtain a copy of the License at
  15:Drivers/CMSIS/Include/cmsis_gcc.h ****  *
  16:Drivers/CMSIS/Include/cmsis_gcc.h ****  * www.apache.org/licenses/LICENSE-2.0
  17:Drivers/CMSIS/Include/cmsis_gcc.h ****  *
  18:Drivers/CMSIS/Include/cmsis_gcc.h ****  * Unless required by applicable law or agreed to in writing, software
  19:Drivers/CMSIS/Include/cmsis_gcc.h ****  * distributed under the License is distributed on an AS IS BASIS, WITHOUT
  20:Drivers/CMSIS/Include/cmsis_gcc.h ****  * WARRANTIES OR CONDITIONS OF ANY KIND, either express or implied.
  21:Drivers/CMSIS/Include/cmsis_gcc.h ****  * See the License for the specific language governing permissions and
  22:Drivers/CMSIS/Include/cmsis_gcc.h ****  * limitations under the License.
  23:Drivers/CMSIS/Include/cmsis_gcc.h ****  */
ARM GAS  C:\Users\DVR\AppData\Local\Temp\cc7GOYSB.s 			page 13


  24:Drivers/CMSIS/Include/cmsis_gcc.h **** 
  25:Drivers/CMSIS/Include/cmsis_gcc.h **** #ifndef __CMSIS_GCC_H
  26:Drivers/CMSIS/Include/cmsis_gcc.h **** #define __CMSIS_GCC_H
  27:Drivers/CMSIS/Include/cmsis_gcc.h **** 
  28:Drivers/CMSIS/Include/cmsis_gcc.h **** /* ignore some GCC warnings */
  29:Drivers/CMSIS/Include/cmsis_gcc.h **** #pragma GCC diagnostic push
  30:Drivers/CMSIS/Include/cmsis_gcc.h **** #pragma GCC diagnostic ignored "-Wsign-conversion"
  31:Drivers/CMSIS/Include/cmsis_gcc.h **** #pragma GCC diagnostic ignored "-Wconversion"
  32:Drivers/CMSIS/Include/cmsis_gcc.h **** #pragma GCC diagnostic ignored "-Wunused-parameter"
  33:Drivers/CMSIS/Include/cmsis_gcc.h **** 
  34:Drivers/CMSIS/Include/cmsis_gcc.h **** /* Fallback for __has_builtin */
  35:Drivers/CMSIS/Include/cmsis_gcc.h **** #ifndef __has_builtin
  36:Drivers/CMSIS/Include/cmsis_gcc.h ****   #define __has_builtin(x) (0)
  37:Drivers/CMSIS/Include/cmsis_gcc.h **** #endif
  38:Drivers/CMSIS/Include/cmsis_gcc.h **** 
  39:Drivers/CMSIS/Include/cmsis_gcc.h **** /* CMSIS compiler specific defines */
  40:Drivers/CMSIS/Include/cmsis_gcc.h **** #ifndef   __ASM
  41:Drivers/CMSIS/Include/cmsis_gcc.h ****   #define __ASM                                  __asm
  42:Drivers/CMSIS/Include/cmsis_gcc.h **** #endif
  43:Drivers/CMSIS/Include/cmsis_gcc.h **** #ifndef   __INLINE
  44:Drivers/CMSIS/Include/cmsis_gcc.h ****   #define __INLINE                               inline
  45:Drivers/CMSIS/Include/cmsis_gcc.h **** #endif
  46:Drivers/CMSIS/Include/cmsis_gcc.h **** #ifndef   __STATIC_INLINE
  47:Drivers/CMSIS/Include/cmsis_gcc.h ****   #define __STATIC_INLINE                        static inline
  48:Drivers/CMSIS/Include/cmsis_gcc.h **** #endif
  49:Drivers/CMSIS/Include/cmsis_gcc.h **** #ifndef   __STATIC_FORCEINLINE                 
  50:Drivers/CMSIS/Include/cmsis_gcc.h ****   #define __STATIC_FORCEINLINE                   __attribute__((always_inline)) static inline
  51:Drivers/CMSIS/Include/cmsis_gcc.h **** #endif                                           
  52:Drivers/CMSIS/Include/cmsis_gcc.h **** #ifndef   __NO_RETURN
  53:Drivers/CMSIS/Include/cmsis_gcc.h ****   #define __NO_RETURN                            __attribute__((__noreturn__))
  54:Drivers/CMSIS/Include/cmsis_gcc.h **** #endif
  55:Drivers/CMSIS/Include/cmsis_gcc.h **** #ifndef   __USED
  56:Drivers/CMSIS/Include/cmsis_gcc.h ****   #define __USED                                 __attribute__((used))
  57:Drivers/CMSIS/Include/cmsis_gcc.h **** #endif
  58:Drivers/CMSIS/Include/cmsis_gcc.h **** #ifndef   __WEAK
  59:Drivers/CMSIS/Include/cmsis_gcc.h ****   #define __WEAK                                 __attribute__((weak))
  60:Drivers/CMSIS/Include/cmsis_gcc.h **** #endif
  61:Drivers/CMSIS/Include/cmsis_gcc.h **** #ifndef   __PACKED
  62:Drivers/CMSIS/Include/cmsis_gcc.h ****   #define __PACKED                               __attribute__((packed, aligned(1)))
  63:Drivers/CMSIS/Include/cmsis_gcc.h **** #endif
  64:Drivers/CMSIS/Include/cmsis_gcc.h **** #ifndef   __PACKED_STRUCT
  65:Drivers/CMSIS/Include/cmsis_gcc.h ****   #define __PACKED_STRUCT                        struct __attribute__((packed, aligned(1)))
  66:Drivers/CMSIS/Include/cmsis_gcc.h **** #endif
  67:Drivers/CMSIS/Include/cmsis_gcc.h **** #ifndef   __PACKED_UNION
  68:Drivers/CMSIS/Include/cmsis_gcc.h ****   #define __PACKED_UNION                         union __attribute__((packed, aligned(1)))
  69:Drivers/CMSIS/Include/cmsis_gcc.h **** #endif
  70:Drivers/CMSIS/Include/cmsis_gcc.h **** #ifndef   __UNALIGNED_UINT32        /* deprecated */
  71:Drivers/CMSIS/Include/cmsis_gcc.h ****   #pragma GCC diagnostic push
  72:Drivers/CMSIS/Include/cmsis_gcc.h ****   #pragma GCC diagnostic ignored "-Wpacked"
  73:Drivers/CMSIS/Include/cmsis_gcc.h ****   #pragma GCC diagnostic ignored "-Wattributes"
  74:Drivers/CMSIS/Include/cmsis_gcc.h ****   struct __attribute__((packed)) T_UINT32 { uint32_t v; };
  75:Drivers/CMSIS/Include/cmsis_gcc.h ****   #pragma GCC diagnostic pop
  76:Drivers/CMSIS/Include/cmsis_gcc.h ****   #define __UNALIGNED_UINT32(x)                  (((struct T_UINT32 *)(x))->v)
  77:Drivers/CMSIS/Include/cmsis_gcc.h **** #endif
  78:Drivers/CMSIS/Include/cmsis_gcc.h **** #ifndef   __UNALIGNED_UINT16_WRITE
  79:Drivers/CMSIS/Include/cmsis_gcc.h ****   #pragma GCC diagnostic push
  80:Drivers/CMSIS/Include/cmsis_gcc.h ****   #pragma GCC diagnostic ignored "-Wpacked"
ARM GAS  C:\Users\DVR\AppData\Local\Temp\cc7GOYSB.s 			page 14


  81:Drivers/CMSIS/Include/cmsis_gcc.h ****   #pragma GCC diagnostic ignored "-Wattributes"
  82:Drivers/CMSIS/Include/cmsis_gcc.h ****   __PACKED_STRUCT T_UINT16_WRITE { uint16_t v; };
  83:Drivers/CMSIS/Include/cmsis_gcc.h ****   #pragma GCC diagnostic pop
  84:Drivers/CMSIS/Include/cmsis_gcc.h ****   #define __UNALIGNED_UINT16_WRITE(addr, val)    (void)((((struct T_UINT16_WRITE *)(void *)(addr))-
  85:Drivers/CMSIS/Include/cmsis_gcc.h **** #endif
  86:Drivers/CMSIS/Include/cmsis_gcc.h **** #ifndef   __UNALIGNED_UINT16_READ
  87:Drivers/CMSIS/Include/cmsis_gcc.h ****   #pragma GCC diagnostic push
  88:Drivers/CMSIS/Include/cmsis_gcc.h ****   #pragma GCC diagnostic ignored "-Wpacked"
  89:Drivers/CMSIS/Include/cmsis_gcc.h ****   #pragma GCC diagnostic ignored "-Wattributes"
  90:Drivers/CMSIS/Include/cmsis_gcc.h ****   __PACKED_STRUCT T_UINT16_READ { uint16_t v; };
  91:Drivers/CMSIS/Include/cmsis_gcc.h ****   #pragma GCC diagnostic pop
  92:Drivers/CMSIS/Include/cmsis_gcc.h ****   #define __UNALIGNED_UINT16_READ(addr)          (((const struct T_UINT16_READ *)(const void *)(add
  93:Drivers/CMSIS/Include/cmsis_gcc.h **** #endif
  94:Drivers/CMSIS/Include/cmsis_gcc.h **** #ifndef   __UNALIGNED_UINT32_WRITE
  95:Drivers/CMSIS/Include/cmsis_gcc.h ****   #pragma GCC diagnostic push
  96:Drivers/CMSIS/Include/cmsis_gcc.h ****   #pragma GCC diagnostic ignored "-Wpacked"
  97:Drivers/CMSIS/Include/cmsis_gcc.h ****   #pragma GCC diagnostic ignored "-Wattributes"
  98:Drivers/CMSIS/Include/cmsis_gcc.h ****   __PACKED_STRUCT T_UINT32_WRITE { uint32_t v; };
  99:Drivers/CMSIS/Include/cmsis_gcc.h ****   #pragma GCC diagnostic pop
 100:Drivers/CMSIS/Include/cmsis_gcc.h ****   #define __UNALIGNED_UINT32_WRITE(addr, val)    (void)((((struct T_UINT32_WRITE *)(void *)(addr))-
 101:Drivers/CMSIS/Include/cmsis_gcc.h **** #endif
 102:Drivers/CMSIS/Include/cmsis_gcc.h **** #ifndef   __UNALIGNED_UINT32_READ
 103:Drivers/CMSIS/Include/cmsis_gcc.h ****   #pragma GCC diagnostic push
 104:Drivers/CMSIS/Include/cmsis_gcc.h ****   #pragma GCC diagnostic ignored "-Wpacked"
 105:Drivers/CMSIS/Include/cmsis_gcc.h ****   #pragma GCC diagnostic ignored "-Wattributes"
 106:Drivers/CMSIS/Include/cmsis_gcc.h ****   __PACKED_STRUCT T_UINT32_READ { uint32_t v; };
 107:Drivers/CMSIS/Include/cmsis_gcc.h ****   #pragma GCC diagnostic pop
 108:Drivers/CMSIS/Include/cmsis_gcc.h ****   #define __UNALIGNED_UINT32_READ(addr)          (((const struct T_UINT32_READ *)(const void *)(add
 109:Drivers/CMSIS/Include/cmsis_gcc.h **** #endif
 110:Drivers/CMSIS/Include/cmsis_gcc.h **** #ifndef   __ALIGNED
 111:Drivers/CMSIS/Include/cmsis_gcc.h ****   #define __ALIGNED(x)                           __attribute__((aligned(x)))
 112:Drivers/CMSIS/Include/cmsis_gcc.h **** #endif
 113:Drivers/CMSIS/Include/cmsis_gcc.h **** #ifndef   __RESTRICT
 114:Drivers/CMSIS/Include/cmsis_gcc.h ****   #define __RESTRICT                             __restrict
 115:Drivers/CMSIS/Include/cmsis_gcc.h **** #endif
 116:Drivers/CMSIS/Include/cmsis_gcc.h **** 
 117:Drivers/CMSIS/Include/cmsis_gcc.h **** 
 118:Drivers/CMSIS/Include/cmsis_gcc.h **** /* ###########################  Core Function Access  ########################### */
 119:Drivers/CMSIS/Include/cmsis_gcc.h **** /** \ingroup  CMSIS_Core_FunctionInterface
 120:Drivers/CMSIS/Include/cmsis_gcc.h ****     \defgroup CMSIS_Core_RegAccFunctions CMSIS Core Register Access Functions
 121:Drivers/CMSIS/Include/cmsis_gcc.h ****   @{
 122:Drivers/CMSIS/Include/cmsis_gcc.h ****  */
 123:Drivers/CMSIS/Include/cmsis_gcc.h **** 
 124:Drivers/CMSIS/Include/cmsis_gcc.h **** /**
 125:Drivers/CMSIS/Include/cmsis_gcc.h ****   \brief   Enable IRQ Interrupts
 126:Drivers/CMSIS/Include/cmsis_gcc.h ****   \details Enables IRQ interrupts by clearing the I-bit in the CPSR.
 127:Drivers/CMSIS/Include/cmsis_gcc.h ****            Can only be executed in Privileged modes.
 128:Drivers/CMSIS/Include/cmsis_gcc.h ****  */
 129:Drivers/CMSIS/Include/cmsis_gcc.h **** __STATIC_FORCEINLINE void __enable_irq(void)
 130:Drivers/CMSIS/Include/cmsis_gcc.h **** {
 131:Drivers/CMSIS/Include/cmsis_gcc.h ****   __ASM volatile ("cpsie i" : : : "memory");
 132:Drivers/CMSIS/Include/cmsis_gcc.h **** }
 133:Drivers/CMSIS/Include/cmsis_gcc.h **** 
 134:Drivers/CMSIS/Include/cmsis_gcc.h **** 
 135:Drivers/CMSIS/Include/cmsis_gcc.h **** /**
 136:Drivers/CMSIS/Include/cmsis_gcc.h ****   \brief   Disable IRQ Interrupts
 137:Drivers/CMSIS/Include/cmsis_gcc.h ****   \details Disables IRQ interrupts by setting the I-bit in the CPSR.
ARM GAS  C:\Users\DVR\AppData\Local\Temp\cc7GOYSB.s 			page 15


 138:Drivers/CMSIS/Include/cmsis_gcc.h ****            Can only be executed in Privileged modes.
 139:Drivers/CMSIS/Include/cmsis_gcc.h ****  */
 140:Drivers/CMSIS/Include/cmsis_gcc.h **** __STATIC_FORCEINLINE void __disable_irq(void)
 275              		.loc 2 140 27 view .LVU75
 276              	.LBB9:
 141:Drivers/CMSIS/Include/cmsis_gcc.h **** {
 142:Drivers/CMSIS/Include/cmsis_gcc.h ****   __ASM volatile ("cpsid i" : : : "memory");
 277              		.loc 2 142 3 view .LVU76
 278              		.syntax unified
 279              	@ 142 "Drivers/CMSIS/Include/cmsis_gcc.h" 1
 280 0000 72B6     		cpsid i
 281              	@ 0 "" 2
 282              		.thumb
 283              		.syntax unified
 284              	.L9:
 285              	.LBE9:
 286              	.LBE8:
 392:Core/Src/main.c ****   while (1)
 287              		.loc 1 392 3 discriminator 1 view .LVU77
 393:Core/Src/main.c ****   {
 394:Core/Src/main.c ****   }
 288              		.loc 1 394 3 discriminator 1 view .LVU78
 392:Core/Src/main.c ****   while (1)
 289              		.loc 1 392 9 discriminator 1 view .LVU79
 290 0002 FEE7     		b	.L9
 291              		.cfi_endproc
 292              	.LFE77:
 294              		.section	.text.MX_ADC1_Init,"ax",%progbits
 295              		.align	1
 296              		.syntax unified
 297              		.thumb
 298              		.thumb_func
 300              	MX_ADC1_Init:
 301              	.LFB72:
 200:Core/Src/main.c **** 
 302              		.loc 1 200 1 view -0
 303              		.cfi_startproc
 304              		@ args = 0, pretend = 0, frame = 16
 305              		@ frame_needed = 0, uses_anonymous_args = 0
 306 0000 00B5     		push	{lr}
 307              	.LCFI4:
 308              		.cfi_def_cfa_offset 4
 309              		.cfi_offset 14, -4
 310 0002 85B0     		sub	sp, sp, #20
 311              	.LCFI5:
 312              		.cfi_def_cfa_offset 24
 206:Core/Src/main.c **** 
 313              		.loc 1 206 3 view .LVU81
 206:Core/Src/main.c **** 
 314              		.loc 1 206 26 is_stmt 0 view .LVU82
 315 0004 0023     		movs	r3, #0
 316 0006 0193     		str	r3, [sp, #4]
 317 0008 0293     		str	r3, [sp, #8]
 318 000a 0393     		str	r3, [sp, #12]
 213:Core/Src/main.c ****   hadc1.Init.ScanConvMode = ADC_SCAN_DISABLE;
 319              		.loc 1 213 3 is_stmt 1 view .LVU83
 213:Core/Src/main.c ****   hadc1.Init.ScanConvMode = ADC_SCAN_DISABLE;
ARM GAS  C:\Users\DVR\AppData\Local\Temp\cc7GOYSB.s 			page 16


 320              		.loc 1 213 18 is_stmt 0 view .LVU84
 321 000c 0F48     		ldr	r0, .L16
 322 000e 104A     		ldr	r2, .L16+4
 323 0010 0260     		str	r2, [r0]
 214:Core/Src/main.c ****   hadc1.Init.ContinuousConvMode = DISABLE;
 324              		.loc 1 214 3 is_stmt 1 view .LVU85
 214:Core/Src/main.c ****   hadc1.Init.ContinuousConvMode = DISABLE;
 325              		.loc 1 214 27 is_stmt 0 view .LVU86
 326 0012 8360     		str	r3, [r0, #8]
 215:Core/Src/main.c ****   hadc1.Init.DiscontinuousConvMode = DISABLE;
 327              		.loc 1 215 3 is_stmt 1 view .LVU87
 215:Core/Src/main.c ****   hadc1.Init.DiscontinuousConvMode = DISABLE;
 328              		.loc 1 215 33 is_stmt 0 view .LVU88
 329 0014 0373     		strb	r3, [r0, #12]
 216:Core/Src/main.c ****   hadc1.Init.ExternalTrigConv = ADC_SOFTWARE_START;
 330              		.loc 1 216 3 is_stmt 1 view .LVU89
 216:Core/Src/main.c ****   hadc1.Init.ExternalTrigConv = ADC_SOFTWARE_START;
 331              		.loc 1 216 36 is_stmt 0 view .LVU90
 332 0016 0375     		strb	r3, [r0, #20]
 217:Core/Src/main.c ****   hadc1.Init.DataAlign = ADC_DATAALIGN_RIGHT;
 333              		.loc 1 217 3 is_stmt 1 view .LVU91
 217:Core/Src/main.c ****   hadc1.Init.DataAlign = ADC_DATAALIGN_RIGHT;
 334              		.loc 1 217 31 is_stmt 0 view .LVU92
 335 0018 4FF46022 		mov	r2, #917504
 336 001c C261     		str	r2, [r0, #28]
 218:Core/Src/main.c ****   hadc1.Init.NbrOfConversion = 1;
 337              		.loc 1 218 3 is_stmt 1 view .LVU93
 218:Core/Src/main.c ****   hadc1.Init.NbrOfConversion = 1;
 338              		.loc 1 218 24 is_stmt 0 view .LVU94
 339 001e 4360     		str	r3, [r0, #4]
 219:Core/Src/main.c ****   if (HAL_ADC_Init(&hadc1) != HAL_OK)
 340              		.loc 1 219 3 is_stmt 1 view .LVU95
 219:Core/Src/main.c ****   if (HAL_ADC_Init(&hadc1) != HAL_OK)
 341              		.loc 1 219 30 is_stmt 0 view .LVU96
 342 0020 0123     		movs	r3, #1
 343 0022 0361     		str	r3, [r0, #16]
 220:Core/Src/main.c ****   {
 344              		.loc 1 220 3 is_stmt 1 view .LVU97
 220:Core/Src/main.c ****   {
 345              		.loc 1 220 7 is_stmt 0 view .LVU98
 346 0024 FFF7FEFF 		bl	HAL_ADC_Init
 347              	.LVL11:
 220:Core/Src/main.c ****   {
 348              		.loc 1 220 6 view .LVU99
 349 0028 60B9     		cbnz	r0, .L14
 226:Core/Src/main.c ****   sConfig.Rank = ADC_REGULAR_RANK_1;
 350              		.loc 1 226 3 is_stmt 1 view .LVU100
 226:Core/Src/main.c ****   sConfig.Rank = ADC_REGULAR_RANK_1;
 351              		.loc 1 226 19 is_stmt 0 view .LVU101
 352 002a 0023     		movs	r3, #0
 353 002c 0193     		str	r3, [sp, #4]
 227:Core/Src/main.c ****   sConfig.SamplingTime = ADC_SAMPLETIME_1CYCLE_5;
 354              		.loc 1 227 3 is_stmt 1 view .LVU102
 227:Core/Src/main.c ****   sConfig.SamplingTime = ADC_SAMPLETIME_1CYCLE_5;
 355              		.loc 1 227 16 is_stmt 0 view .LVU103
 356 002e 0122     		movs	r2, #1
 357 0030 0292     		str	r2, [sp, #8]
ARM GAS  C:\Users\DVR\AppData\Local\Temp\cc7GOYSB.s 			page 17


 228:Core/Src/main.c ****   if (HAL_ADC_ConfigChannel(&hadc1, &sConfig) != HAL_OK)
 358              		.loc 1 228 3 is_stmt 1 view .LVU104
 228:Core/Src/main.c ****   if (HAL_ADC_ConfigChannel(&hadc1, &sConfig) != HAL_OK)
 359              		.loc 1 228 24 is_stmt 0 view .LVU105
 360 0032 0393     		str	r3, [sp, #12]
 229:Core/Src/main.c ****   {
 361              		.loc 1 229 3 is_stmt 1 view .LVU106
 229:Core/Src/main.c ****   {
 362              		.loc 1 229 7 is_stmt 0 view .LVU107
 363 0034 01A9     		add	r1, sp, #4
 364 0036 0548     		ldr	r0, .L16
 365 0038 FFF7FEFF 		bl	HAL_ADC_ConfigChannel
 366              	.LVL12:
 229:Core/Src/main.c ****   {
 367              		.loc 1 229 6 view .LVU108
 368 003c 20B9     		cbnz	r0, .L15
 237:Core/Src/main.c **** 
 369              		.loc 1 237 1 view .LVU109
 370 003e 05B0     		add	sp, sp, #20
 371              	.LCFI6:
 372              		.cfi_remember_state
 373              		.cfi_def_cfa_offset 4
 374              		@ sp needed
 375 0040 5DF804FB 		ldr	pc, [sp], #4
 376              	.L14:
 377              	.LCFI7:
 378              		.cfi_restore_state
 222:Core/Src/main.c ****   }
 379              		.loc 1 222 5 is_stmt 1 view .LVU110
 380 0044 FFF7FEFF 		bl	Error_Handler
 381              	.LVL13:
 382              	.L15:
 231:Core/Src/main.c ****   }
 383              		.loc 1 231 5 view .LVU111
 384 0048 FFF7FEFF 		bl	Error_Handler
 385              	.LVL14:
 386              	.L17:
 387              		.align	2
 388              	.L16:
 389 004c 00000000 		.word	.LANCHOR0
 390 0050 00240140 		.word	1073816576
 391              		.cfi_endproc
 392              	.LFE72:
 394              		.section	.text.MX_I2C1_Init,"ax",%progbits
 395              		.align	1
 396              		.syntax unified
 397              		.thumb
 398              		.thumb_func
 400              	MX_I2C1_Init:
 401              	.LFB73:
 245:Core/Src/main.c **** 
 402              		.loc 1 245 1 view -0
 403              		.cfi_startproc
 404              		@ args = 0, pretend = 0, frame = 0
 405              		@ frame_needed = 0, uses_anonymous_args = 0
 406 0000 08B5     		push	{r3, lr}
 407              	.LCFI8:
ARM GAS  C:\Users\DVR\AppData\Local\Temp\cc7GOYSB.s 			page 18


 408              		.cfi_def_cfa_offset 8
 409              		.cfi_offset 3, -8
 410              		.cfi_offset 14, -4
 254:Core/Src/main.c ****   hi2c1.Init.ClockSpeed = 100000;
 411              		.loc 1 254 3 view .LVU113
 254:Core/Src/main.c ****   hi2c1.Init.ClockSpeed = 100000;
 412              		.loc 1 254 18 is_stmt 0 view .LVU114
 413 0002 0A48     		ldr	r0, .L22
 414 0004 0A4B     		ldr	r3, .L22+4
 415 0006 0360     		str	r3, [r0]
 255:Core/Src/main.c ****   hi2c1.Init.DutyCycle = I2C_DUTYCYCLE_2;
 416              		.loc 1 255 3 is_stmt 1 view .LVU115
 255:Core/Src/main.c ****   hi2c1.Init.DutyCycle = I2C_DUTYCYCLE_2;
 417              		.loc 1 255 25 is_stmt 0 view .LVU116
 418 0008 0A4B     		ldr	r3, .L22+8
 419 000a 4360     		str	r3, [r0, #4]
 256:Core/Src/main.c ****   hi2c1.Init.OwnAddress1 = 0;
 420              		.loc 1 256 3 is_stmt 1 view .LVU117
 256:Core/Src/main.c ****   hi2c1.Init.OwnAddress1 = 0;
 421              		.loc 1 256 24 is_stmt 0 view .LVU118
 422 000c 0023     		movs	r3, #0
 423 000e 8360     		str	r3, [r0, #8]
 257:Core/Src/main.c ****   hi2c1.Init.AddressingMode = I2C_ADDRESSINGMODE_7BIT;
 424              		.loc 1 257 3 is_stmt 1 view .LVU119
 257:Core/Src/main.c ****   hi2c1.Init.AddressingMode = I2C_ADDRESSINGMODE_7BIT;
 425              		.loc 1 257 26 is_stmt 0 view .LVU120
 426 0010 C360     		str	r3, [r0, #12]
 258:Core/Src/main.c ****   hi2c1.Init.DualAddressMode = I2C_DUALADDRESS_DISABLE;
 427              		.loc 1 258 3 is_stmt 1 view .LVU121
 258:Core/Src/main.c ****   hi2c1.Init.DualAddressMode = I2C_DUALADDRESS_DISABLE;
 428              		.loc 1 258 29 is_stmt 0 view .LVU122
 429 0012 4FF48042 		mov	r2, #16384
 430 0016 0261     		str	r2, [r0, #16]
 259:Core/Src/main.c ****   hi2c1.Init.OwnAddress2 = 0;
 431              		.loc 1 259 3 is_stmt 1 view .LVU123
 259:Core/Src/main.c ****   hi2c1.Init.OwnAddress2 = 0;
 432              		.loc 1 259 30 is_stmt 0 view .LVU124
 433 0018 4361     		str	r3, [r0, #20]
 260:Core/Src/main.c ****   hi2c1.Init.GeneralCallMode = I2C_GENERALCALL_DISABLE;
 434              		.loc 1 260 3 is_stmt 1 view .LVU125
 260:Core/Src/main.c ****   hi2c1.Init.GeneralCallMode = I2C_GENERALCALL_DISABLE;
 435              		.loc 1 260 26 is_stmt 0 view .LVU126
 436 001a 8361     		str	r3, [r0, #24]
 261:Core/Src/main.c ****   hi2c1.Init.NoStretchMode = I2C_NOSTRETCH_DISABLE;
 437              		.loc 1 261 3 is_stmt 1 view .LVU127
 261:Core/Src/main.c ****   hi2c1.Init.NoStretchMode = I2C_NOSTRETCH_DISABLE;
 438              		.loc 1 261 30 is_stmt 0 view .LVU128
 439 001c C361     		str	r3, [r0, #28]
 262:Core/Src/main.c ****   if (HAL_I2C_Init(&hi2c1) != HAL_OK)
 440              		.loc 1 262 3 is_stmt 1 view .LVU129
 262:Core/Src/main.c ****   if (HAL_I2C_Init(&hi2c1) != HAL_OK)
 441              		.loc 1 262 28 is_stmt 0 view .LVU130
 442 001e 0362     		str	r3, [r0, #32]
 263:Core/Src/main.c ****   {
 443              		.loc 1 263 3 is_stmt 1 view .LVU131
 263:Core/Src/main.c ****   {
 444              		.loc 1 263 7 is_stmt 0 view .LVU132
ARM GAS  C:\Users\DVR\AppData\Local\Temp\cc7GOYSB.s 			page 19


 445 0020 FFF7FEFF 		bl	HAL_I2C_Init
 446              	.LVL15:
 263:Core/Src/main.c ****   {
 447              		.loc 1 263 6 view .LVU133
 448 0024 00B9     		cbnz	r0, .L21
 271:Core/Src/main.c **** 
 449              		.loc 1 271 1 view .LVU134
 450 0026 08BD     		pop	{r3, pc}
 451              	.L21:
 265:Core/Src/main.c ****   }
 452              		.loc 1 265 5 is_stmt 1 view .LVU135
 453 0028 FFF7FEFF 		bl	Error_Handler
 454              	.LVL16:
 455              	.L23:
 456              		.align	2
 457              	.L22:
 458 002c 00000000 		.word	.LANCHOR1
 459 0030 00540040 		.word	1073763328
 460 0034 A0860100 		.word	100000
 461              		.cfi_endproc
 462              	.LFE73:
 464              		.section	.text.MX_USART2_UART_Init,"ax",%progbits
 465              		.align	1
 466              		.syntax unified
 467              		.thumb
 468              		.thumb_func
 470              	MX_USART2_UART_Init:
 471              	.LFB74:
 279:Core/Src/main.c **** 
 472              		.loc 1 279 1 view -0
 473              		.cfi_startproc
 474              		@ args = 0, pretend = 0, frame = 0
 475              		@ frame_needed = 0, uses_anonymous_args = 0
 476 0000 08B5     		push	{r3, lr}
 477              	.LCFI9:
 478              		.cfi_def_cfa_offset 8
 479              		.cfi_offset 3, -8
 480              		.cfi_offset 14, -4
 288:Core/Src/main.c ****   huart2.Init.BaudRate = 115200;
 481              		.loc 1 288 3 view .LVU137
 288:Core/Src/main.c ****   huart2.Init.BaudRate = 115200;
 482              		.loc 1 288 19 is_stmt 0 view .LVU138
 483 0002 0A48     		ldr	r0, .L28
 484 0004 0A4B     		ldr	r3, .L28+4
 485 0006 0360     		str	r3, [r0]
 289:Core/Src/main.c ****   huart2.Init.WordLength = UART_WORDLENGTH_8B;
 486              		.loc 1 289 3 is_stmt 1 view .LVU139
 289:Core/Src/main.c ****   huart2.Init.WordLength = UART_WORDLENGTH_8B;
 487              		.loc 1 289 24 is_stmt 0 view .LVU140
 488 0008 4FF4E133 		mov	r3, #115200
 489 000c 4360     		str	r3, [r0, #4]
 290:Core/Src/main.c ****   huart2.Init.StopBits = UART_STOPBITS_1;
 490              		.loc 1 290 3 is_stmt 1 view .LVU141
 290:Core/Src/main.c ****   huart2.Init.StopBits = UART_STOPBITS_1;
 491              		.loc 1 290 26 is_stmt 0 view .LVU142
 492 000e 0023     		movs	r3, #0
 493 0010 8360     		str	r3, [r0, #8]
ARM GAS  C:\Users\DVR\AppData\Local\Temp\cc7GOYSB.s 			page 20


 291:Core/Src/main.c ****   huart2.Init.Parity = UART_PARITY_NONE;
 494              		.loc 1 291 3 is_stmt 1 view .LVU143
 291:Core/Src/main.c ****   huart2.Init.Parity = UART_PARITY_NONE;
 495              		.loc 1 291 24 is_stmt 0 view .LVU144
 496 0012 C360     		str	r3, [r0, #12]
 292:Core/Src/main.c ****   huart2.Init.Mode = UART_MODE_TX_RX;
 497              		.loc 1 292 3 is_stmt 1 view .LVU145
 292:Core/Src/main.c ****   huart2.Init.Mode = UART_MODE_TX_RX;
 498              		.loc 1 292 22 is_stmt 0 view .LVU146
 499 0014 0361     		str	r3, [r0, #16]
 293:Core/Src/main.c ****   huart2.Init.HwFlowCtl = UART_HWCONTROL_NONE;
 500              		.loc 1 293 3 is_stmt 1 view .LVU147
 293:Core/Src/main.c ****   huart2.Init.HwFlowCtl = UART_HWCONTROL_NONE;
 501              		.loc 1 293 20 is_stmt 0 view .LVU148
 502 0016 0C22     		movs	r2, #12
 503 0018 4261     		str	r2, [r0, #20]
 294:Core/Src/main.c ****   huart2.Init.OverSampling = UART_OVERSAMPLING_16;
 504              		.loc 1 294 3 is_stmt 1 view .LVU149
 294:Core/Src/main.c ****   huart2.Init.OverSampling = UART_OVERSAMPLING_16;
 505              		.loc 1 294 25 is_stmt 0 view .LVU150
 506 001a 8361     		str	r3, [r0, #24]
 295:Core/Src/main.c ****   if (HAL_UART_Init(&huart2) != HAL_OK)
 507              		.loc 1 295 3 is_stmt 1 view .LVU151
 295:Core/Src/main.c ****   if (HAL_UART_Init(&huart2) != HAL_OK)
 508              		.loc 1 295 28 is_stmt 0 view .LVU152
 509 001c C361     		str	r3, [r0, #28]
 296:Core/Src/main.c ****   {
 510              		.loc 1 296 3 is_stmt 1 view .LVU153
 296:Core/Src/main.c ****   {
 511              		.loc 1 296 7 is_stmt 0 view .LVU154
 512 001e FFF7FEFF 		bl	HAL_UART_Init
 513              	.LVL17:
 296:Core/Src/main.c ****   {
 514              		.loc 1 296 6 view .LVU155
 515 0022 00B9     		cbnz	r0, .L27
 304:Core/Src/main.c **** 
 516              		.loc 1 304 1 view .LVU156
 517 0024 08BD     		pop	{r3, pc}
 518              	.L27:
 298:Core/Src/main.c ****   }
 519              		.loc 1 298 5 is_stmt 1 view .LVU157
 520 0026 FFF7FEFF 		bl	Error_Handler
 521              	.LVL18:
 522              	.L29:
 523 002a 00BF     		.align	2
 524              	.L28:
 525 002c 00000000 		.word	.LANCHOR2
 526 0030 00440040 		.word	1073759232
 527              		.cfi_endproc
 528              	.LFE74:
 530              		.section	.text.SystemClock_Config,"ax",%progbits
 531              		.align	1
 532              		.global	SystemClock_Config
 533              		.syntax unified
 534              		.thumb
 535              		.thumb_func
 537              	SystemClock_Config:
ARM GAS  C:\Users\DVR\AppData\Local\Temp\cc7GOYSB.s 			page 21


 538              	.LFB71:
 154:Core/Src/main.c ****   RCC_OscInitTypeDef RCC_OscInitStruct = {0};
 539              		.loc 1 154 1 view -0
 540              		.cfi_startproc
 541              		@ args = 0, pretend = 0, frame = 80
 542              		@ frame_needed = 0, uses_anonymous_args = 0
 543 0000 00B5     		push	{lr}
 544              	.LCFI10:
 545              		.cfi_def_cfa_offset 4
 546              		.cfi_offset 14, -4
 547 0002 95B0     		sub	sp, sp, #84
 548              	.LCFI11:
 549              		.cfi_def_cfa_offset 88
 155:Core/Src/main.c ****   RCC_ClkInitTypeDef RCC_ClkInitStruct = {0};
 550              		.loc 1 155 3 view .LVU159
 155:Core/Src/main.c ****   RCC_ClkInitTypeDef RCC_ClkInitStruct = {0};
 551              		.loc 1 155 22 is_stmt 0 view .LVU160
 552 0004 2822     		movs	r2, #40
 553 0006 0021     		movs	r1, #0
 554 0008 0DEB0200 		add	r0, sp, r2
 555 000c FFF7FEFF 		bl	memset
 556              	.LVL19:
 156:Core/Src/main.c ****   RCC_PeriphCLKInitTypeDef PeriphClkInit = {0};
 557              		.loc 1 156 3 is_stmt 1 view .LVU161
 156:Core/Src/main.c ****   RCC_PeriphCLKInitTypeDef PeriphClkInit = {0};
 558              		.loc 1 156 22 is_stmt 0 view .LVU162
 559 0010 0023     		movs	r3, #0
 560 0012 0593     		str	r3, [sp, #20]
 561 0014 0693     		str	r3, [sp, #24]
 562 0016 0793     		str	r3, [sp, #28]
 563 0018 0893     		str	r3, [sp, #32]
 564 001a 0993     		str	r3, [sp, #36]
 157:Core/Src/main.c **** 
 565              		.loc 1 157 3 is_stmt 1 view .LVU163
 157:Core/Src/main.c **** 
 566              		.loc 1 157 28 is_stmt 0 view .LVU164
 567 001c 0193     		str	r3, [sp, #4]
 568 001e 0293     		str	r3, [sp, #8]
 569 0020 0393     		str	r3, [sp, #12]
 570 0022 0493     		str	r3, [sp, #16]
 162:Core/Src/main.c ****   RCC_OscInitStruct.HSEState = RCC_HSE_BYPASS;
 571              		.loc 1 162 3 is_stmt 1 view .LVU165
 162:Core/Src/main.c ****   RCC_OscInitStruct.HSEState = RCC_HSE_BYPASS;
 572              		.loc 1 162 36 is_stmt 0 view .LVU166
 573 0024 0123     		movs	r3, #1
 574 0026 0A93     		str	r3, [sp, #40]
 163:Core/Src/main.c ****   RCC_OscInitStruct.HSEPredivValue = RCC_HSE_PREDIV_DIV1;
 575              		.loc 1 163 3 is_stmt 1 view .LVU167
 163:Core/Src/main.c ****   RCC_OscInitStruct.HSEPredivValue = RCC_HSE_PREDIV_DIV1;
 576              		.loc 1 163 30 is_stmt 0 view .LVU168
 577 0028 4FF4A022 		mov	r2, #327680
 578 002c 0B92     		str	r2, [sp, #44]
 164:Core/Src/main.c ****   RCC_OscInitStruct.HSIState = RCC_HSI_ON;
 579              		.loc 1 164 3 is_stmt 1 view .LVU169
 165:Core/Src/main.c ****   RCC_OscInitStruct.PLL.PLLState = RCC_PLL_ON;
 580              		.loc 1 165 3 view .LVU170
 165:Core/Src/main.c ****   RCC_OscInitStruct.PLL.PLLState = RCC_PLL_ON;
ARM GAS  C:\Users\DVR\AppData\Local\Temp\cc7GOYSB.s 			page 22


 581              		.loc 1 165 30 is_stmt 0 view .LVU171
 582 002e 0E93     		str	r3, [sp, #56]
 166:Core/Src/main.c ****   RCC_OscInitStruct.PLL.PLLSource = RCC_PLLSOURCE_HSE;
 583              		.loc 1 166 3 is_stmt 1 view .LVU172
 166:Core/Src/main.c ****   RCC_OscInitStruct.PLL.PLLSource = RCC_PLLSOURCE_HSE;
 584              		.loc 1 166 34 is_stmt 0 view .LVU173
 585 0030 0223     		movs	r3, #2
 586 0032 1193     		str	r3, [sp, #68]
 167:Core/Src/main.c ****   RCC_OscInitStruct.PLL.PLLMUL = RCC_PLL_MUL9;
 587              		.loc 1 167 3 is_stmt 1 view .LVU174
 167:Core/Src/main.c ****   RCC_OscInitStruct.PLL.PLLMUL = RCC_PLL_MUL9;
 588              		.loc 1 167 35 is_stmt 0 view .LVU175
 589 0034 4FF48033 		mov	r3, #65536
 590 0038 1293     		str	r3, [sp, #72]
 168:Core/Src/main.c ****   if (HAL_RCC_OscConfig(&RCC_OscInitStruct) != HAL_OK)
 591              		.loc 1 168 3 is_stmt 1 view .LVU176
 168:Core/Src/main.c ****   if (HAL_RCC_OscConfig(&RCC_OscInitStruct) != HAL_OK)
 592              		.loc 1 168 32 is_stmt 0 view .LVU177
 593 003a 4FF4E013 		mov	r3, #1835008
 594 003e 1393     		str	r3, [sp, #76]
 169:Core/Src/main.c ****   {
 595              		.loc 1 169 3 is_stmt 1 view .LVU178
 169:Core/Src/main.c ****   {
 596              		.loc 1 169 7 is_stmt 0 view .LVU179
 597 0040 0AA8     		add	r0, sp, #40
 598 0042 FFF7FEFF 		bl	HAL_RCC_OscConfig
 599              	.LVL20:
 169:Core/Src/main.c ****   {
 600              		.loc 1 169 6 view .LVU180
 601 0046 C8B9     		cbnz	r0, .L35
 175:Core/Src/main.c ****                               |RCC_CLOCKTYPE_PCLK1|RCC_CLOCKTYPE_PCLK2;
 602              		.loc 1 175 3 is_stmt 1 view .LVU181
 175:Core/Src/main.c ****                               |RCC_CLOCKTYPE_PCLK1|RCC_CLOCKTYPE_PCLK2;
 603              		.loc 1 175 31 is_stmt 0 view .LVU182
 604 0048 0F23     		movs	r3, #15
 605 004a 0593     		str	r3, [sp, #20]
 177:Core/Src/main.c ****   RCC_ClkInitStruct.AHBCLKDivider = RCC_SYSCLK_DIV1;
 606              		.loc 1 177 3 is_stmt 1 view .LVU183
 177:Core/Src/main.c ****   RCC_ClkInitStruct.AHBCLKDivider = RCC_SYSCLK_DIV1;
 607              		.loc 1 177 34 is_stmt 0 view .LVU184
 608 004c 0221     		movs	r1, #2
 609 004e 0691     		str	r1, [sp, #24]
 178:Core/Src/main.c ****   RCC_ClkInitStruct.APB1CLKDivider = RCC_HCLK_DIV2;
 610              		.loc 1 178 3 is_stmt 1 view .LVU185
 178:Core/Src/main.c ****   RCC_ClkInitStruct.APB1CLKDivider = RCC_HCLK_DIV2;
 611              		.loc 1 178 35 is_stmt 0 view .LVU186
 612 0050 0023     		movs	r3, #0
 613 0052 0793     		str	r3, [sp, #28]
 179:Core/Src/main.c ****   RCC_ClkInitStruct.APB2CLKDivider = RCC_HCLK_DIV1;
 614              		.loc 1 179 3 is_stmt 1 view .LVU187
 179:Core/Src/main.c ****   RCC_ClkInitStruct.APB2CLKDivider = RCC_HCLK_DIV1;
 615              		.loc 1 179 36 is_stmt 0 view .LVU188
 616 0054 4FF48062 		mov	r2, #1024
 617 0058 0892     		str	r2, [sp, #32]
 180:Core/Src/main.c **** 
 618              		.loc 1 180 3 is_stmt 1 view .LVU189
 180:Core/Src/main.c **** 
ARM GAS  C:\Users\DVR\AppData\Local\Temp\cc7GOYSB.s 			page 23


 619              		.loc 1 180 36 is_stmt 0 view .LVU190
 620 005a 0993     		str	r3, [sp, #36]
 182:Core/Src/main.c ****   {
 621              		.loc 1 182 3 is_stmt 1 view .LVU191
 182:Core/Src/main.c ****   {
 622              		.loc 1 182 7 is_stmt 0 view .LVU192
 623 005c 05A8     		add	r0, sp, #20
 624 005e FFF7FEFF 		bl	HAL_RCC_ClockConfig
 625              	.LVL21:
 182:Core/Src/main.c ****   {
 626              		.loc 1 182 6 view .LVU193
 627 0062 68B9     		cbnz	r0, .L36
 186:Core/Src/main.c ****   PeriphClkInit.AdcClockSelection = RCC_ADCPCLK2_DIV6;
 628              		.loc 1 186 3 is_stmt 1 view .LVU194
 186:Core/Src/main.c ****   PeriphClkInit.AdcClockSelection = RCC_ADCPCLK2_DIV6;
 629              		.loc 1 186 38 is_stmt 0 view .LVU195
 630 0064 0223     		movs	r3, #2
 631 0066 0193     		str	r3, [sp, #4]
 187:Core/Src/main.c ****   if (HAL_RCCEx_PeriphCLKConfig(&PeriphClkInit) != HAL_OK)
 632              		.loc 1 187 3 is_stmt 1 view .LVU196
 187:Core/Src/main.c ****   if (HAL_RCCEx_PeriphCLKConfig(&PeriphClkInit) != HAL_OK)
 633              		.loc 1 187 35 is_stmt 0 view .LVU197
 634 0068 4FF40043 		mov	r3, #32768
 635 006c 0393     		str	r3, [sp, #12]
 188:Core/Src/main.c ****   {
 636              		.loc 1 188 3 is_stmt 1 view .LVU198
 188:Core/Src/main.c ****   {
 637              		.loc 1 188 7 is_stmt 0 view .LVU199
 638 006e 01A8     		add	r0, sp, #4
 639 0070 FFF7FEFF 		bl	HAL_RCCEx_PeriphCLKConfig
 640              	.LVL22:
 188:Core/Src/main.c ****   {
 641              		.loc 1 188 6 view .LVU200
 642 0074 30B9     		cbnz	r0, .L37
 192:Core/Src/main.c **** 
 643              		.loc 1 192 1 view .LVU201
 644 0076 15B0     		add	sp, sp, #84
 645              	.LCFI12:
 646              		.cfi_remember_state
 647              		.cfi_def_cfa_offset 4
 648              		@ sp needed
 649 0078 5DF804FB 		ldr	pc, [sp], #4
 650              	.L35:
 651              	.LCFI13:
 652              		.cfi_restore_state
 171:Core/Src/main.c ****   }
 653              		.loc 1 171 5 is_stmt 1 view .LVU202
 654 007c FFF7FEFF 		bl	Error_Handler
 655              	.LVL23:
 656              	.L36:
 184:Core/Src/main.c ****   }
 657              		.loc 1 184 5 view .LVU203
 658 0080 FFF7FEFF 		bl	Error_Handler
 659              	.LVL24:
 660              	.L37:
 190:Core/Src/main.c ****   }
 661              		.loc 1 190 5 view .LVU204
ARM GAS  C:\Users\DVR\AppData\Local\Temp\cc7GOYSB.s 			page 24


 662 0084 FFF7FEFF 		bl	Error_Handler
 663              	.LVL25:
 664              		.cfi_endproc
 665              	.LFE71:
 667              		.section	.text.main,"ax",%progbits
 668              		.align	1
 669              		.global	main
 670              		.syntax unified
 671              		.thumb
 672              		.thumb_func
 674              	main:
 675              	.LFB70:
  77:Core/Src/main.c ****   /* USER CODE BEGIN 1 */
 676              		.loc 1 77 1 view -0
 677              		.cfi_startproc
 678              		@ Volatile: function does not return.
 679              		@ args = 0, pretend = 0, frame = 32
 680              		@ frame_needed = 0, uses_anonymous_args = 0
 681 0000 00B5     		push	{lr}
 682              	.LCFI14:
 683              		.cfi_def_cfa_offset 4
 684              		.cfi_offset 14, -4
 685 0002 89B0     		sub	sp, sp, #36
 686              	.LCFI15:
 687              		.cfi_def_cfa_offset 40
  85:Core/Src/main.c **** 
 688              		.loc 1 85 3 view .LVU206
 689 0004 FFF7FEFF 		bl	HAL_Init
 690              	.LVL26:
  92:Core/Src/main.c **** 
 691              		.loc 1 92 3 view .LVU207
 692 0008 FFF7FEFF 		bl	SystemClock_Config
 693              	.LVL27:
  99:Core/Src/main.c ****   MX_ADC1_Init();
 694              		.loc 1 99 3 view .LVU208
 695 000c FFF7FEFF 		bl	MX_GPIO_Init
 696              	.LVL28:
 100:Core/Src/main.c ****   MX_I2C1_Init();
 697              		.loc 1 100 3 view .LVU209
 698 0010 FFF7FEFF 		bl	MX_ADC1_Init
 699              	.LVL29:
 101:Core/Src/main.c ****   MX_USART2_UART_Init();
 700              		.loc 1 101 3 view .LVU210
 701 0014 FFF7FEFF 		bl	MX_I2C1_Init
 702              	.LVL30:
 102:Core/Src/main.c ****   /* USER CODE BEGIN 2 */
 703              		.loc 1 102 3 view .LVU211
 704 0018 FFF7FEFF 		bl	MX_USART2_UART_Init
 705              	.LVL31:
 125:Core/Src/main.c ****   defaultTaskHandle = osThreadCreate(osThread(defaultTask), NULL);
 706              		.loc 1 125 3 view .LVU212
 707 001c 0DF1040C 		add	ip, sp, #4
 708 0020 094C     		ldr	r4, .L41
 709 0022 0FCC     		ldmia	r4!, {r0, r1, r2, r3}
 710 0024 ACE80F00 		stmia	ip!, {r0, r1, r2, r3}
 711 0028 94E80700 		ldm	r4, {r0, r1, r2}
 712 002c 8CE80700 		stm	ip, {r0, r1, r2}
ARM GAS  C:\Users\DVR\AppData\Local\Temp\cc7GOYSB.s 			page 25


 126:Core/Src/main.c **** 
 713              		.loc 1 126 3 view .LVU213
 126:Core/Src/main.c **** 
 714              		.loc 1 126 23 is_stmt 0 view .LVU214
 715 0030 0021     		movs	r1, #0
 716 0032 01A8     		add	r0, sp, #4
 717 0034 FFF7FEFF 		bl	osThreadCreate
 718              	.LVL32:
 126:Core/Src/main.c **** 
 719              		.loc 1 126 21 view .LVU215
 720 0038 044B     		ldr	r3, .L41+4
 721 003a 1860     		str	r0, [r3]
 133:Core/Src/main.c **** 
 722              		.loc 1 133 3 is_stmt 1 view .LVU216
 723 003c FFF7FEFF 		bl	osKernelStart
 724              	.LVL33:
 725              	.L39:
 138:Core/Src/main.c ****   {
 726              		.loc 1 138 3 discriminator 1 view .LVU217
 141:Core/Src/main.c ****     /* USER CODE END WHILE */
 727              		.loc 1 141 5 discriminator 1 view .LVU218
 728 0040 6420     		movs	r0, #100
 729 0042 FFF7FEFF 		bl	HAL_Delay
 730              	.LVL34:
 138:Core/Src/main.c ****   {
 731              		.loc 1 138 9 discriminator 1 view .LVU219
 732 0046 FBE7     		b	.L39
 733              	.L42:
 734              		.align	2
 735              	.L41:
 736 0048 00000000 		.word	.LANCHOR3
 737 004c 00000000 		.word	.LANCHOR4
 738              		.cfi_endproc
 739              	.LFE70:
 741              		.section	.rodata.str1.4,"aMS",%progbits,1
 742              		.align	2
 743              	.LC0:
 744 0000 64656661 		.ascii	"defaultTask\000"
 744      756C7454 
 744      61736B00 
 745              		.global	defaultTaskHandle
 746              		.global	huart2
 747              		.global	hi2c1
 748              		.global	hadc1
 749              		.section	.rodata
 750              		.align	2
 751              		.set	.LANCHOR3,. + 0
 752              	.LC2:
 753 0000 00000000 		.word	.LC0
 754 0004 00000000 		.word	StartDefaultTask
 755 0008 0000     		.short	0
 756 000a 0000     		.space	2
 757 000c 00000000 		.word	0
 758 0010 80000000 		.word	128
 759 0014 00000000 		.word	0
 760 0018 00000000 		.word	0
 761              		.section	.bss.defaultTaskHandle,"aw",%nobits
ARM GAS  C:\Users\DVR\AppData\Local\Temp\cc7GOYSB.s 			page 26


 762              		.align	2
 763              		.set	.LANCHOR4,. + 0
 766              	defaultTaskHandle:
 767 0000 00000000 		.space	4
 768              		.section	.bss.hadc1,"aw",%nobits
 769              		.align	2
 770              		.set	.LANCHOR0,. + 0
 773              	hadc1:
 774 0000 00000000 		.space	48
 774      00000000 
 774      00000000 
 774      00000000 
 774      00000000 
 775              		.section	.bss.hi2c1,"aw",%nobits
 776              		.align	2
 777              		.set	.LANCHOR1,. + 0
 780              	hi2c1:
 781 0000 00000000 		.space	84
 781      00000000 
 781      00000000 
 781      00000000 
 781      00000000 
 782              		.section	.bss.huart2,"aw",%nobits
 783              		.align	2
 784              		.set	.LANCHOR2,. + 0
 787              	huart2:
 788 0000 00000000 		.space	68
 788      00000000 
 788      00000000 
 788      00000000 
 788      00000000 
 789              		.text
 790              	.Letext0:
 791              		.file 3 "Drivers/CMSIS/Device/ST/STM32F1xx/Include/stm32f103xb.h"
 792              		.file 4 "g:\\arm_tools\\gcc-arm-11.2-2022.02-mingw-w64-i686-arm-none-eabi\\arm-none-eabi\\include\
 793              		.file 5 "g:\\arm_tools\\gcc-arm-11.2-2022.02-mingw-w64-i686-arm-none-eabi\\arm-none-eabi\\include\
 794              		.file 6 "Drivers/CMSIS/Device/ST/STM32F1xx/Include/stm32f1xx.h"
 795              		.file 7 "Drivers/STM32F1xx_HAL_Driver/Inc/stm32f1xx_hal_def.h"
 796              		.file 8 "Drivers/STM32F1xx_HAL_Driver/Inc/stm32f1xx_hal_rcc.h"
 797              		.file 9 "Drivers/STM32F1xx_HAL_Driver/Inc/stm32f1xx_hal_rcc_ex.h"
 798              		.file 10 "Drivers/STM32F1xx_HAL_Driver/Inc/stm32f1xx_hal_gpio.h"
 799              		.file 11 "Drivers/STM32F1xx_HAL_Driver/Inc/stm32f1xx_hal_dma.h"
 800              		.file 12 "Drivers/STM32F1xx_HAL_Driver/Inc/stm32f1xx_hal_adc.h"
 801              		.file 13 "Drivers/STM32F1xx_HAL_Driver/Inc/stm32f1xx_hal_i2c.h"
 802              		.file 14 "Drivers/STM32F1xx_HAL_Driver/Inc/stm32f1xx_hal_uart.h"
 803              		.file 15 "Middlewares/Third_Party/FreeRTOS/Source/portable/GCC/ARM_CM3/portmacro.h"
 804              		.file 16 "Middlewares/Third_Party/FreeRTOS/Source/include/FreeRTOS.h"
 805              		.file 17 "Middlewares/Third_Party/FreeRTOS/Source/include/task.h"
 806              		.file 18 "Middlewares/Third_Party/FreeRTOS/Source/CMSIS_RTOS/cmsis_os.h"
 807              		.file 19 "Drivers/STM32F1xx_HAL_Driver/Inc/stm32f1xx_hal_cortex.h"
 808              		.file 20 "Drivers/STM32F1xx_HAL_Driver/Inc/stm32f1xx_hal.h"
 809              		.file 21 "<built-in>"
ARM GAS  C:\Users\DVR\AppData\Local\Temp\cc7GOYSB.s 			page 27


DEFINED SYMBOLS
                            *ABS*:00000000 main.c
C:\Users\DVR\AppData\Local\Temp\cc7GOYSB.s:18     .text.MX_GPIO_Init:00000000 $t
C:\Users\DVR\AppData\Local\Temp\cc7GOYSB.s:23     .text.MX_GPIO_Init:00000000 MX_GPIO_Init
C:\Users\DVR\AppData\Local\Temp\cc7GOYSB.s:215    .text.MX_GPIO_Init:000000d4 $d
C:\Users\DVR\AppData\Local\Temp\cc7GOYSB.s:224    .text.StartDefaultTask:00000000 $t
C:\Users\DVR\AppData\Local\Temp\cc7GOYSB.s:230    .text.StartDefaultTask:00000000 StartDefaultTask
C:\Users\DVR\AppData\Local\Temp\cc7GOYSB.s:257    .text.Error_Handler:00000000 $t
C:\Users\DVR\AppData\Local\Temp\cc7GOYSB.s:263    .text.Error_Handler:00000000 Error_Handler
C:\Users\DVR\AppData\Local\Temp\cc7GOYSB.s:295    .text.MX_ADC1_Init:00000000 $t
C:\Users\DVR\AppData\Local\Temp\cc7GOYSB.s:300    .text.MX_ADC1_Init:00000000 MX_ADC1_Init
C:\Users\DVR\AppData\Local\Temp\cc7GOYSB.s:389    .text.MX_ADC1_Init:0000004c $d
C:\Users\DVR\AppData\Local\Temp\cc7GOYSB.s:395    .text.MX_I2C1_Init:00000000 $t
C:\Users\DVR\AppData\Local\Temp\cc7GOYSB.s:400    .text.MX_I2C1_Init:00000000 MX_I2C1_Init
C:\Users\DVR\AppData\Local\Temp\cc7GOYSB.s:458    .text.MX_I2C1_Init:0000002c $d
C:\Users\DVR\AppData\Local\Temp\cc7GOYSB.s:465    .text.MX_USART2_UART_Init:00000000 $t
C:\Users\DVR\AppData\Local\Temp\cc7GOYSB.s:470    .text.MX_USART2_UART_Init:00000000 MX_USART2_UART_Init
C:\Users\DVR\AppData\Local\Temp\cc7GOYSB.s:525    .text.MX_USART2_UART_Init:0000002c $d
C:\Users\DVR\AppData\Local\Temp\cc7GOYSB.s:531    .text.SystemClock_Config:00000000 $t
C:\Users\DVR\AppData\Local\Temp\cc7GOYSB.s:537    .text.SystemClock_Config:00000000 SystemClock_Config
C:\Users\DVR\AppData\Local\Temp\cc7GOYSB.s:668    .text.main:00000000 $t
C:\Users\DVR\AppData\Local\Temp\cc7GOYSB.s:674    .text.main:00000000 main
C:\Users\DVR\AppData\Local\Temp\cc7GOYSB.s:736    .text.main:00000048 $d
C:\Users\DVR\AppData\Local\Temp\cc7GOYSB.s:742    .rodata.str1.4:00000000 $d
C:\Users\DVR\AppData\Local\Temp\cc7GOYSB.s:766    .bss.defaultTaskHandle:00000000 defaultTaskHandle
C:\Users\DVR\AppData\Local\Temp\cc7GOYSB.s:787    .bss.huart2:00000000 huart2
C:\Users\DVR\AppData\Local\Temp\cc7GOYSB.s:780    .bss.hi2c1:00000000 hi2c1
C:\Users\DVR\AppData\Local\Temp\cc7GOYSB.s:773    .bss.hadc1:00000000 hadc1
C:\Users\DVR\AppData\Local\Temp\cc7GOYSB.s:750    .rodata:00000000 $d
C:\Users\DVR\AppData\Local\Temp\cc7GOYSB.s:762    .bss.defaultTaskHandle:00000000 $d
C:\Users\DVR\AppData\Local\Temp\cc7GOYSB.s:769    .bss.hadc1:00000000 $d
C:\Users\DVR\AppData\Local\Temp\cc7GOYSB.s:776    .bss.hi2c1:00000000 $d
C:\Users\DVR\AppData\Local\Temp\cc7GOYSB.s:783    .bss.huart2:00000000 $d

UNDEFINED SYMBOLS
HAL_GPIO_WritePin
HAL_GPIO_Init
HAL_NVIC_SetPriority
HAL_NVIC_EnableIRQ
osDelay
HAL_ADC_Init
HAL_ADC_ConfigChannel
HAL_I2C_Init
HAL_UART_Init
memset
HAL_RCC_OscConfig
HAL_RCC_ClockConfig
HAL_RCCEx_PeriphCLKConfig
HAL_Init
osThreadCreate
osKernelStart
HAL_Delay
